[INFO  - 2020-06-13T20:11:44.400Z] GhostDriver - Main - running on port 39759
[INFO  - 2020-06-13T20:11:44.560Z] Session [1a5148a0-adb2-11ea-b40c-334290ea0440] - page.settings - {"XSSAuditingEnabled":false,"javascriptCanCloseWindows":true,"javascriptCanOpenWindows":true,"javascriptEnabled":true,"loadImages":true,"localToRemoteUrlAccessEnabled":false,"userAgent":"Mozilla/5.0 (Macintosh; Intel Mac OS X) AppleWebKit/538.1 (KHTML, like Gecko) PhantomJS/2.1.1 Safari/538.1","webSecurityEnabled":true}
[INFO  - 2020-06-13T20:11:44.560Z] Session [1a5148a0-adb2-11ea-b40c-334290ea0440] - page.customHeaders:  - {}
[INFO  - 2020-06-13T20:11:44.561Z] Session [1a5148a0-adb2-11ea-b40c-334290ea0440] - Session.negotiatedCapabilities - {"browserName":"phantomjs","version":"2.1.1","driverName":"ghostdriver","driverVersion":"1.2.0","platform":"mac-unknown-64bit","javascriptEnabled":true,"takesScreenshot":true,"handlesAlerts":false,"databaseEnabled":false,"locationContextEnabled":false,"applicationCacheEnabled":false,"browserConnectionEnabled":false,"cssSelectorsEnabled":true,"webStorageEnabled":false,"rotatable":false,"acceptSslCerts":false,"nativeEvents":true,"proxy":{"proxyType":"direct"}}
[INFO  - 2020-06-13T20:11:44.561Z] SessionManagerReqHand - _postNewSessionCommand - New Session Created: 1a5148a0-adb2-11ea-b40c-334290ea0440
[ERROR - 2020-06-13T20:11:46.319Z] Session [1a5148a0-adb2-11ea-b40c-334290ea0440] - page.onError - msg: ReferenceError: Can't find variable: Promise
[ERROR - 2020-06-13T20:11:46.319Z] Session [1a5148a0-adb2-11ea-b40c-334290ea0440] - page.onError - stack:
  (anonymous function) (http://load.sumome.com/:1)
  o (http://load.sumome.com/:1)
  (anonymous function) (http://load.sumome.com/:1)
[ERROR - 2020-06-13T20:11:47.979Z] Session [1a5148a0-adb2-11ea-b40c-334290ea0440] - page.onError - msg: Error: Bootstrap's JavaScript requires jQuery
[ERROR - 2020-06-13T20:11:47.979Z] Session [1a5148a0-adb2-11ea-b40c-334290ea0440] - page.onError - stack:
  global code (http://qaclickacademy.com/js/bootstrap.min.js:6)
[ERROR - 2020-06-13T20:11:47.979Z] Session [1a5148a0-adb2-11ea-b40c-334290ea0440] - page.onError - msg: ReferenceError: Can't find variable: jQuery
[ERROR - 2020-06-13T20:11:47.979Z] Session [1a5148a0-adb2-11ea-b40c-334290ea0440] - page.onError - stack:
  global code (http://qaclickacademy.com/js/jquery.easing.1.3.js:39)
[ERROR - 2020-06-13T20:11:47.980Z] Session [1a5148a0-adb2-11ea-b40c-334290ea0440] - page.onError - msg: ReferenceError: Can't find variable: jQuery
[ERROR - 2020-06-13T20:11:47.980Z] Session [1a5148a0-adb2-11ea-b40c-334290ea0440] - page.onError - stack:
  global code (http://qaclickacademy.com/js/jquery.animate-enhanced.min.js:22)
[ERROR - 2020-06-13T20:11:47.981Z] Session [1a5148a0-adb2-11ea-b40c-334290ea0440] - page.onError - msg: ReferenceError: Can't find variable: jQuery
[ERROR - 2020-06-13T20:11:47.981Z] Session [1a5148a0-adb2-11ea-b40c-334290ea0440] - page.onError - stack:
  global code (http://qaclickacademy.com/js/jquery.superslides.js:656)
[ERROR - 2020-06-13T20:11:47.982Z] Session [1a5148a0-adb2-11ea-b40c-334290ea0440] - page.onError - msg: TypeError: undefined is not an object (evaluating 'a.fn')
[ERROR - 2020-06-13T20:11:47.982Z] Session [1a5148a0-adb2-11ea-b40c-334290ea0440] - page.onError - stack:
  (anonymous function) (http://qaclickacademy.com/js/owl.carousel.min.js:1)
[ERROR - 2020-06-13T20:11:47.983Z] Session [1a5148a0-adb2-11ea-b40c-334290ea0440] - page.onError - msg: ReferenceError: Can't find variable: jQuery
[ERROR - 2020-06-13T20:11:47.983Z] Session [1a5148a0-adb2-11ea-b40c-334290ea0440] - page.onError - stack:
  global code (http://qaclickacademy.com/js/jquery.parallax-1.1.3.js:69)
[ERROR - 2020-06-13T20:11:47.984Z] Session [1a5148a0-adb2-11ea-b40c-334290ea0440] - page.onError - msg: ReferenceError: Can't find variable: jQuery
[ERROR - 2020-06-13T20:11:47.984Z] Session [1a5148a0-adb2-11ea-b40c-334290ea0440] - page.onError - stack:
  global code (http://qaclickacademy.com/js/jquery.fancybox.js:2020)
[ERROR - 2020-06-13T20:11:48.026Z] Session [1a5148a0-adb2-11ea-b40c-334290ea0440] - page.onError - msg: TypeError: undefined is not an object (evaluating '$.noop')
[ERROR - 2020-06-13T20:11:48.026Z] Session [1a5148a0-adb2-11ea-b40c-334290ea0440] - page.onError - stack:
  (anonymous function) (http://qaclickacademy.com/js/bootstrap-progressbar.js:29)
[ERROR - 2020-06-13T20:11:48.027Z] Session [1a5148a0-adb2-11ea-b40c-334290ea0440] - page.onError - msg: ReferenceError: Can't find variable: $
[ERROR - 2020-06-13T20:11:48.027Z] Session [1a5148a0-adb2-11ea-b40c-334290ea0440] - page.onError - stack:
  global code (http://qaclickacademy.com/js/magic.js:2)
[ERROR - 2020-06-13T20:11:48.027Z] Session [1a5148a0-adb2-11ea-b40c-334290ea0440] - page.onError - msg: ReferenceError: Can't find variable: jQuery
[ERROR - 2020-06-13T20:11:48.027Z] Session [1a5148a0-adb2-11ea-b40c-334290ea0440] - page.onError - stack:
  global code (http://qaclickacademy.com/js/settings.js:247)
[ERROR - 2020-06-13T20:11:48.029Z] Session [1a5148a0-adb2-11ea-b40c-334290ea0440] - page.onError - msg: ReferenceError: Can't find variable: $
[ERROR - 2020-06-13T20:11:48.029Z] Session [1a5148a0-adb2-11ea-b40c-334290ea0440] - page.onError - stack:
  global code (http://qaclickacademy.com/:426)
[INFO  - 2020-06-13T20:12:11.982Z] GhostDriver - Main - running on port 19526
[INFO  - 2020-06-13T20:12:12.077Z] Session [2ab85990-adb2-11ea-8f44-43b218bba11e] - page.settings - {"XSSAuditingEnabled":false,"javascriptCanCloseWindows":true,"javascriptCanOpenWindows":true,"javascriptEnabled":true,"loadImages":true,"localToRemoteUrlAccessEnabled":false,"userAgent":"Mozilla/5.0 (Macintosh; Intel Mac OS X) AppleWebKit/538.1 (KHTML, like Gecko) PhantomJS/2.1.1 Safari/538.1","webSecurityEnabled":true}
[INFO  - 2020-06-13T20:12:12.077Z] Session [2ab85990-adb2-11ea-8f44-43b218bba11e] - page.customHeaders:  - {}
[INFO  - 2020-06-13T20:12:12.078Z] Session [2ab85990-adb2-11ea-8f44-43b218bba11e] - Session.negotiatedCapabilities - {"browserName":"phantomjs","version":"2.1.1","driverName":"ghostdriver","driverVersion":"1.2.0","platform":"mac-unknown-64bit","javascriptEnabled":true,"takesScreenshot":true,"handlesAlerts":false,"databaseEnabled":false,"locationContextEnabled":false,"applicationCacheEnabled":false,"browserConnectionEnabled":false,"cssSelectorsEnabled":true,"webStorageEnabled":false,"rotatable":false,"acceptSslCerts":false,"nativeEvents":true,"proxy":{"proxyType":"direct"}}
[INFO  - 2020-06-13T20:12:12.078Z] SessionManagerReqHand - _postNewSessionCommand - New Session Created: 2ab85990-adb2-11ea-8f44-43b218bba11e
[ERROR - 2020-06-13T20:12:12.539Z] Session [2ab85990-adb2-11ea-8f44-43b218bba11e] - page.onError - msg: ReferenceError: Can't find variable: Promise
[ERROR - 2020-06-13T20:12:12.540Z] Session [2ab85990-adb2-11ea-8f44-43b218bba11e] - page.onError - stack:
  (anonymous function) (http://load.sumome.com/:1)
  o (http://load.sumome.com/:1)
  (anonymous function) (http://load.sumome.com/:1)
[ERROR - 2020-06-13T20:12:13.521Z] Session [2ab85990-adb2-11ea-8f44-43b218bba11e] - page.onError - msg: Error: Bootstrap's JavaScript requires jQuery
[ERROR - 2020-06-13T20:12:13.521Z] Session [2ab85990-adb2-11ea-8f44-43b218bba11e] - page.onError - stack:
  global code (http://qaclickacademy.com/js/bootstrap.min.js:6)
[ERROR - 2020-06-13T20:12:13.521Z] Session [2ab85990-adb2-11ea-8f44-43b218bba11e] - page.onError - msg: ReferenceError: Can't find variable: jQuery
[ERROR - 2020-06-13T20:12:13.521Z] Session [2ab85990-adb2-11ea-8f44-43b218bba11e] - page.onError - stack:
  global code (http://qaclickacademy.com/js/jquery.easing.1.3.js:39)
[ERROR - 2020-06-13T20:12:13.522Z] Session [2ab85990-adb2-11ea-8f44-43b218bba11e] - page.onError - msg: ReferenceError: Can't find variable: jQuery
[ERROR - 2020-06-13T20:12:13.522Z] Session [2ab85990-adb2-11ea-8f44-43b218bba11e] - page.onError - stack:
  global code (http://qaclickacademy.com/js/jquery.animate-enhanced.min.js:22)
[ERROR - 2020-06-13T20:12:13.523Z] Session [2ab85990-adb2-11ea-8f44-43b218bba11e] - page.onError - msg: ReferenceError: Can't find variable: jQuery
[ERROR - 2020-06-13T20:12:13.523Z] Session [2ab85990-adb2-11ea-8f44-43b218bba11e] - page.onError - stack:
  global code (http://qaclickacademy.com/js/jquery.superslides.js:656)
[ERROR - 2020-06-13T20:12:13.525Z] Session [2ab85990-adb2-11ea-8f44-43b218bba11e] - page.onError - msg: TypeError: undefined is not an object (evaluating 'a.fn')
[ERROR - 2020-06-13T20:12:13.525Z] Session [2ab85990-adb2-11ea-8f44-43b218bba11e] - page.onError - stack:
  (anonymous function) (http://qaclickacademy.com/js/owl.carousel.min.js:1)
[ERROR - 2020-06-13T20:12:13.525Z] Session [2ab85990-adb2-11ea-8f44-43b218bba11e] - page.onError - msg: ReferenceError: Can't find variable: jQuery
[ERROR - 2020-06-13T20:12:13.525Z] Session [2ab85990-adb2-11ea-8f44-43b218bba11e] - page.onError - stack:
  global code (http://qaclickacademy.com/js/jquery.parallax-1.1.3.js:69)
[ERROR - 2020-06-13T20:12:13.527Z] Session [2ab85990-adb2-11ea-8f44-43b218bba11e] - page.onError - msg: ReferenceError: Can't find variable: jQuery
[ERROR - 2020-06-13T20:12:13.527Z] Session [2ab85990-adb2-11ea-8f44-43b218bba11e] - page.onError - stack:
  global code (http://qaclickacademy.com/js/jquery.fancybox.js:2020)
[ERROR - 2020-06-13T20:12:13.574Z] Session [2ab85990-adb2-11ea-8f44-43b218bba11e] - page.onError - msg: TypeError: undefined is not an object (evaluating '$.noop')
[ERROR - 2020-06-13T20:12:13.574Z] Session [2ab85990-adb2-11ea-8f44-43b218bba11e] - page.onError - stack:
  (anonymous function) (http://qaclickacademy.com/js/bootstrap-progressbar.js:29)
[ERROR - 2020-06-13T20:12:13.575Z] Session [2ab85990-adb2-11ea-8f44-43b218bba11e] - page.onError - msg: ReferenceError: Can't find variable: $
[ERROR - 2020-06-13T20:12:13.575Z] Session [2ab85990-adb2-11ea-8f44-43b218bba11e] - page.onError - stack:
  global code (http://qaclickacademy.com/js/magic.js:2)
[ERROR - 2020-06-13T20:12:13.575Z] Session [2ab85990-adb2-11ea-8f44-43b218bba11e] - page.onError - msg: ReferenceError: Can't find variable: jQuery
[ERROR - 2020-06-13T20:12:13.575Z] Session [2ab85990-adb2-11ea-8f44-43b218bba11e] - page.onError - stack:
  global code (http://qaclickacademy.com/js/settings.js:247)
[ERROR - 2020-06-13T20:12:13.578Z] Session [2ab85990-adb2-11ea-8f44-43b218bba11e] - page.onError - msg: ReferenceError: Can't find variable: $
[ERROR - 2020-06-13T20:12:13.578Z] Session [2ab85990-adb2-11ea-8f44-43b218bba11e] - page.onError - stack:
  global code (http://qaclickacademy.com/:426)
[INFO  - 2020-06-13T20:15:03.162Z] GhostDriver - Main - running on port 37352
[INFO  - 2020-06-13T20:15:03.287Z] Session [90c4c520-adb2-11ea-b133-93697601c9e3] - page.settings - {"XSSAuditingEnabled":false,"javascriptCanCloseWindows":true,"javascriptCanOpenWindows":true,"javascriptEnabled":true,"loadImages":true,"localToRemoteUrlAccessEnabled":false,"userAgent":"Mozilla/5.0 (Macintosh; Intel Mac OS X) AppleWebKit/538.1 (KHTML, like Gecko) PhantomJS/2.1.1 Safari/538.1","webSecurityEnabled":true}
[INFO  - 2020-06-13T20:15:03.287Z] Session [90c4c520-adb2-11ea-b133-93697601c9e3] - page.customHeaders:  - {}
[INFO  - 2020-06-13T20:15:03.287Z] Session [90c4c520-adb2-11ea-b133-93697601c9e3] - Session.negotiatedCapabilities - {"browserName":"phantomjs","version":"2.1.1","driverName":"ghostdriver","driverVersion":"1.2.0","platform":"mac-unknown-64bit","javascriptEnabled":true,"takesScreenshot":true,"handlesAlerts":false,"databaseEnabled":false,"locationContextEnabled":false,"applicationCacheEnabled":false,"browserConnectionEnabled":false,"cssSelectorsEnabled":true,"webStorageEnabled":false,"rotatable":false,"acceptSslCerts":false,"nativeEvents":true,"proxy":{"proxyType":"direct"}}
[INFO  - 2020-06-13T20:15:03.287Z] SessionManagerReqHand - _postNewSessionCommand - New Session Created: 90c4c520-adb2-11ea-b133-93697601c9e3
[ERROR - 2020-06-13T20:15:05.276Z] Session [90c4c520-adb2-11ea-b133-93697601c9e3] - page.onError - msg: Error: Bootstrap's JavaScript requires jQuery
[ERROR - 2020-06-13T20:15:05.276Z] Session [90c4c520-adb2-11ea-b133-93697601c9e3] - page.onError - stack:
  global code (http://qaclickacademy.com/js/bootstrap.min.js:6)
[ERROR - 2020-06-13T20:15:05.277Z] Session [90c4c520-adb2-11ea-b133-93697601c9e3] - page.onError - msg: ReferenceError: Can't find variable: jQuery
[ERROR - 2020-06-13T20:15:05.277Z] Session [90c4c520-adb2-11ea-b133-93697601c9e3] - page.onError - stack:
  global code (http://qaclickacademy.com/js/jquery.easing.1.3.js:39)
[ERROR - 2020-06-13T20:15:05.277Z] Session [90c4c520-adb2-11ea-b133-93697601c9e3] - page.onError - msg: ReferenceError: Can't find variable: jQuery
[ERROR - 2020-06-13T20:15:05.277Z] Session [90c4c520-adb2-11ea-b133-93697601c9e3] - page.onError - stack:
  global code (http://qaclickacademy.com/js/jquery.animate-enhanced.min.js:22)
[ERROR - 2020-06-13T20:15:05.278Z] Session [90c4c520-adb2-11ea-b133-93697601c9e3] - page.onError - msg: ReferenceError: Can't find variable: jQuery
[ERROR - 2020-06-13T20:15:05.278Z] Session [90c4c520-adb2-11ea-b133-93697601c9e3] - page.onError - stack:
  global code (http://qaclickacademy.com/js/jquery.superslides.js:656)
[ERROR - 2020-06-13T20:15:05.279Z] Session [90c4c520-adb2-11ea-b133-93697601c9e3] - page.onError - msg: TypeError: undefined is not an object (evaluating 'a.fn')
[ERROR - 2020-06-13T20:15:05.280Z] Session [90c4c520-adb2-11ea-b133-93697601c9e3] - page.onError - stack:
  (anonymous function) (http://qaclickacademy.com/js/owl.carousel.min.js:1)
[ERROR - 2020-06-13T20:15:05.280Z] Session [90c4c520-adb2-11ea-b133-93697601c9e3] - page.onError - msg: ReferenceError: Can't find variable: jQuery
[ERROR - 2020-06-13T20:15:05.280Z] Session [90c4c520-adb2-11ea-b133-93697601c9e3] - page.onError - stack:
  global code (http://qaclickacademy.com/js/jquery.parallax-1.1.3.js:69)
[ERROR - 2020-06-13T20:15:05.281Z] Session [90c4c520-adb2-11ea-b133-93697601c9e3] - page.onError - msg: ReferenceError: Can't find variable: jQuery
[ERROR - 2020-06-13T20:15:05.281Z] Session [90c4c520-adb2-11ea-b133-93697601c9e3] - page.onError - stack:
  global code (http://qaclickacademy.com/js/jquery.fancybox.js:2020)
[ERROR - 2020-06-13T20:15:05.321Z] Session [90c4c520-adb2-11ea-b133-93697601c9e3] - page.onError - msg: TypeError: undefined is not an object (evaluating '$.noop')
[ERROR - 2020-06-13T20:15:05.321Z] Session [90c4c520-adb2-11ea-b133-93697601c9e3] - page.onError - stack:
  (anonymous function) (http://qaclickacademy.com/js/bootstrap-progressbar.js:29)
[ERROR - 2020-06-13T20:15:05.322Z] Session [90c4c520-adb2-11ea-b133-93697601c9e3] - page.onError - msg: ReferenceError: Can't find variable: $
[ERROR - 2020-06-13T20:15:05.322Z] Session [90c4c520-adb2-11ea-b133-93697601c9e3] - page.onError - stack:
  global code (http://qaclickacademy.com/js/magic.js:2)
[ERROR - 2020-06-13T20:15:05.323Z] Session [90c4c520-adb2-11ea-b133-93697601c9e3] - page.onError - msg: ReferenceError: Can't find variable: jQuery
[ERROR - 2020-06-13T20:15:05.323Z] Session [90c4c520-adb2-11ea-b133-93697601c9e3] - page.onError - stack:
  global code (http://qaclickacademy.com/js/settings.js:247)
[ERROR - 2020-06-13T20:15:05.324Z] Session [90c4c520-adb2-11ea-b133-93697601c9e3] - page.onError - msg: ReferenceError: Can't find variable: $
[ERROR - 2020-06-13T20:15:05.324Z] Session [90c4c520-adb2-11ea-b133-93697601c9e3] - page.onError - stack:
  global code (http://qaclickacademy.com/:426)
[ERROR - 2020-06-13T20:15:06.836Z] Session [90c4c520-adb2-11ea-b133-93697601c9e3] - page.onError - msg: ReferenceError: Can't find variable: Promise
[ERROR - 2020-06-13T20:15:06.848Z] Session [90c4c520-adb2-11ea-b133-93697601c9e3] - page.onError - stack:
  (anonymous function) (http://load.sumome.com/:1)
  o (http://load.sumome.com/:1)
  (anonymous function) (http://load.sumome.com/:1)
[INFO  - 2020-06-13T20:16:44.393Z] SessionManagerReqHand - _cleanupWindowlessSessions - Asynchronous Sessions clean-up phase starting NOW
[INFO  - 2020-06-13T20:17:11.973Z] SessionManagerReqHand - _cleanupWindowlessSessions - Asynchronous Sessions clean-up phase starting NOW
[INFO  - 2020-06-13T20:20:03.156Z] SessionManagerReqHand - _cleanupWindowlessSessions - Asynchronous Sessions clean-up phase starting NOW
[INFO  - 2020-06-13T20:21:44.388Z] SessionManagerReqHand - _cleanupWindowlessSessions - Asynchronous Sessions clean-up phase starting NOW
[INFO  - 2020-06-13T20:22:11.963Z] SessionManagerReqHand - _cleanupWindowlessSessions - Asynchronous Sessions clean-up phase starting NOW
[INFO  - 2020-06-13T20:25:03.147Z] SessionManagerReqHand - _cleanupWindowlessSessions - Asynchronous Sessions clean-up phase starting NOW
[INFO  - 2020-06-13T20:26:44.378Z] SessionManagerReqHand - _cleanupWindowlessSessions - Asynchronous Sessions clean-up phase starting NOW
[INFO  - 2020-06-13T20:27:11.953Z] SessionManagerReqHand - _cleanupWindowlessSessions - Asynchronous Sessions clean-up phase starting NOW
[INFO  - 2020-06-13T20:30:03.138Z] SessionManagerReqHand - _cleanupWindowlessSessions - Asynchronous Sessions clean-up phase starting NOW
[INFO  - 2020-06-13T20:31:44.371Z] SessionManagerReqHand - _cleanupWindowlessSessions - Asynchronous Sessions clean-up phase starting NOW
[INFO  - 2020-06-13T20:32:11.943Z] SessionManagerReqHand - _cleanupWindowlessSessions - Asynchronous Sessions clean-up phase starting NOW
[INFO  - 2020-06-13T20:35:03.131Z] SessionManagerReqHand - _cleanupWindowlessSessions - Asynchronous Sessions clean-up phase starting NOW
[INFO  - 2020-06-13T20:36:44.363Z] SessionManagerReqHand - _cleanupWindowlessSessions - Asynchronous Sessions clean-up phase starting NOW
[INFO  - 2020-06-13T20:37:11.936Z] SessionManagerReqHand - _cleanupWindowlessSessions - Asynchronous Sessions clean-up phase starting NOW
[INFO  - 2020-06-13T20:40:03.119Z] SessionManagerReqHand - _cleanupWindowlessSessions - Asynchronous Sessions clean-up phase starting NOW
[INFO  - 2020-06-13T20:41:44.355Z] SessionManagerReqHand - _cleanupWindowlessSessions - Asynchronous Sessions clean-up phase starting NOW
[INFO  - 2020-06-13T20:42:11.927Z] SessionManagerReqHand - _cleanupWindowlessSessions - Asynchronous Sessions clean-up phase starting NOW
[INFO  - 2020-06-13T20:45:03.110Z] SessionManagerReqHand - _cleanupWindowlessSessions - Asynchronous Sessions clean-up phase starting NOW
[INFO  - 2020-06-13T20:46:44.347Z] SessionManagerReqHand - _cleanupWindowlessSessions - Asynchronous Sessions clean-up phase starting NOW
[INFO  - 2020-06-13T20:47:11.917Z] SessionManagerReqHand - _cleanupWindowlessSessions - Asynchronous Sessions clean-up phase starting NOW
[INFO  - 2020-06-13T20:50:03.101Z] SessionManagerReqHand - _cleanupWindowlessSessions - Asynchronous Sessions clean-up phase starting NOW
[INFO  - 2020-06-13T20:51:44.338Z] SessionManagerReqHand - _cleanupWindowlessSessions - Asynchronous Sessions clean-up phase starting NOW
[INFO  - 2020-06-13T20:52:11.912Z] SessionManagerReqHand - _cleanupWindowlessSessions - Asynchronous Sessions clean-up phase starting NOW
[INFO  - 2020-06-13T20:55:03.095Z] SessionManagerReqHand - _cleanupWindowlessSessions - Asynchronous Sessions clean-up phase starting NOW
[INFO  - 2020-06-13T20:56:44.327Z] SessionManagerReqHand - _cleanupWindowlessSessions - Asynchronous Sessions clean-up phase starting NOW
[INFO  - 2020-06-13T20:57:11.906Z] SessionManagerReqHand - _cleanupWindowlessSessions - Asynchronous Sessions clean-up phase starting NOW
[INFO  - 2020-06-13T21:00:03.088Z] SessionManagerReqHand - _cleanupWindowlessSessions - Asynchronous Sessions clean-up phase starting NOW
[INFO  - 2020-06-13T21:01:44.321Z] SessionManagerReqHand - _cleanupWindowlessSessions - Asynchronous Sessions clean-up phase starting NOW
[INFO  - 2020-06-13T21:02:11.901Z] SessionManagerReqHand - _cleanupWindowlessSessions - Asynchronous Sessions clean-up phase starting NOW
[INFO  - 2020-06-13T21:05:03.082Z] SessionManagerReqHand - _cleanupWindowlessSessions - Asynchronous Sessions clean-up phase starting NOW
[INFO  - 2020-06-13T21:06:44.313Z] SessionManagerReqHand - _cleanupWindowlessSessions - Asynchronous Sessions clean-up phase starting NOW
[INFO  - 2020-06-13T21:07:11.893Z] SessionManagerReqHand - _cleanupWindowlessSessions - Asynchronous Sessions clean-up phase starting NOW
[INFO  - 2020-06-13T21:10:03.075Z] SessionManagerReqHand - _cleanupWindowlessSessions - Asynchronous Sessions clean-up phase starting NOW
[INFO  - 2020-06-13T21:11:44.306Z] SessionManagerReqHand - _cleanupWindowlessSessions - Asynchronous Sessions clean-up phase starting NOW
[INFO  - 2020-06-13T21:12:11.888Z] SessionManagerReqHand - _cleanupWindowlessSessions - Asynchronous Sessions clean-up phase starting NOW
[INFO  - 2020-06-13T21:15:03.066Z] SessionManagerReqHand - _cleanupWindowlessSessions - Asynchronous Sessions clean-up phase starting NOW
[INFO  - 2020-06-13T21:16:44.299Z] SessionManagerReqHand - _cleanupWindowlessSessions - Asynchronous Sessions clean-up phase starting NOW
[INFO  - 2020-06-13T21:17:11.879Z] SessionManagerReqHand - _cleanupWindowlessSessions - Asynchronous Sessions clean-up phase starting NOW
[INFO  - 2020-06-13T21:20:03.056Z] SessionManagerReqHand - _cleanupWindowlessSessions - Asynchronous Sessions clean-up phase starting NOW
[INFO  - 2020-06-13T21:21:44.289Z] SessionManagerReqHand - _cleanupWindowlessSessions - Asynchronous Sessions clean-up phase starting NOW
[INFO  - 2020-06-13T21:22:11.872Z] SessionManagerReqHand - _cleanupWindowlessSessions - Asynchronous Sessions clean-up phase starting NOW
[INFO  - 2020-06-13T21:25:03.046Z] SessionManagerReqHand - _cleanupWindowlessSessions - Asynchronous Sessions clean-up phase starting NOW
[INFO  - 2020-06-13T21:26:44.282Z] SessionManagerReqHand - _cleanupWindowlessSessions - Asynchronous Sessions clean-up phase starting NOW
[INFO  - 2020-06-13T21:27:11.864Z] SessionManagerReqHand - _cleanupWindowlessSessions - Asynchronous Sessions clean-up phase starting NOW
[INFO  - 2020-06-13T21:30:03.040Z] SessionManagerReqHand - _cleanupWindowlessSessions - Asynchronous Sessions clean-up phase starting NOW
[INFO  - 2020-06-13T21:35:44.932Z] SessionManagerReqHand - _cleanupWindowlessSessions - Asynchronous Sessions clean-up phase starting NOW
[INFO  - 2020-06-13T21:36:12.513Z] SessionManagerReqHand - _cleanupWindowlessSessions - Asynchronous Sessions clean-up phase starting NOW
[INFO  - 2020-06-13T21:39:03.691Z] SessionManagerReqHand - _cleanupWindowlessSessions - Asynchronous Sessions clean-up phase starting NOW
[INFO  - 2020-06-13T21:40:44.925Z] SessionManagerReqHand - _cleanupWindowlessSessions - Asynchronous Sessions clean-up phase starting NOW
[INFO  - 2020-06-13T21:41:12.504Z] SessionManagerReqHand - _cleanupWindowlessSessions - Asynchronous Sessions clean-up phase starting NOW
[INFO  - 2020-06-13T21:44:03.685Z] SessionManagerReqHand - _cleanupWindowlessSessions - Asynchronous Sessions clean-up phase starting NOW
[INFO  - 2020-06-13T21:45:44.918Z] SessionManagerReqHand - _cleanupWindowlessSessions - Asynchronous Sessions clean-up phase starting NOW
[INFO  - 2020-06-13T21:46:12.494Z] SessionManagerReqHand - _cleanupWindowlessSessions - Asynchronous Sessions clean-up phase starting NOW
[INFO  - 2020-06-13T21:49:03.675Z] SessionManagerReqHand - _cleanupWindowlessSessions - Asynchronous Sessions clean-up phase starting NOW
[INFO  - 2020-06-13T21:50:44.913Z] SessionManagerReqHand - _cleanupWindowlessSessions - Asynchronous Sessions clean-up phase starting NOW
[INFO  - 2020-06-13T21:51:12.485Z] SessionManagerReqHand - _cleanupWindowlessSessions - Asynchronous Sessions clean-up phase starting NOW
[INFO  - 2020-06-13T21:54:03.666Z] SessionManagerReqHand - _cleanupWindowlessSessions - Asynchronous Sessions clean-up phase starting NOW
[INFO  - 2020-06-13T21:55:44.903Z] SessionManagerReqHand - _cleanupWindowlessSessions - Asynchronous Sessions clean-up phase starting NOW
[INFO  - 2020-06-13T21:56:12.475Z] SessionManagerReqHand - _cleanupWindowlessSessions - Asynchronous Sessions clean-up phase starting NOW
[INFO  - 2020-06-13T21:59:03.660Z] SessionManagerReqHand - _cleanupWindowlessSessions - Asynchronous Sessions clean-up phase starting NOW
[INFO  - 2020-06-13T22:00:44.895Z] SessionManagerReqHand - _cleanupWindowlessSessions - Asynchronous Sessions clean-up phase starting NOW
[INFO  - 2020-06-13T22:01:12.466Z] SessionManagerReqHand - _cleanupWindowlessSessions - Asynchronous Sessions clean-up phase starting NOW
[INFO  - 2020-06-13T22:04:03.650Z] SessionManagerReqHand - _cleanupWindowlessSessions - Asynchronous Sessions clean-up phase starting NOW
[INFO  - 2020-06-13T22:05:44.886Z] SessionManagerReqHand - _cleanupWindowlessSessions - Asynchronous Sessions clean-up phase starting NOW
[INFO  - 2020-06-13T22:06:12.462Z] SessionManagerReqHand - _cleanupWindowlessSessions - Asynchronous Sessions clean-up phase starting NOW
[INFO  - 2020-06-13T22:09:03.644Z] SessionManagerReqHand - _cleanupWindowlessSessions - Asynchronous Sessions clean-up phase starting NOW
[INFO  - 2020-06-13T22:10:44.876Z] SessionManagerReqHand - _cleanupWindowlessSessions - Asynchronous Sessions clean-up phase starting NOW
[INFO  - 2020-06-13T22:11:12.452Z] SessionManagerReqHand - _cleanupWindowlessSessions - Asynchronous Sessions clean-up phase starting NOW
[INFO  - 2020-06-13T22:14:03.634Z] SessionManagerReqHand - _cleanupWindowlessSessions - Asynchronous Sessions clean-up phase starting NOW
[INFO  - 2020-06-13T22:15:44.869Z] SessionManagerReqHand - _cleanupWindowlessSessions - Asynchronous Sessions clean-up phase starting NOW
[INFO  - 2020-06-13T22:16:12.443Z] SessionManagerReqHand - _cleanupWindowlessSessions - Asynchronous Sessions clean-up phase starting NOW
[INFO  - 2020-06-14T08:13:59.654Z] SessionManagerReqHand - _cleanupWindowlessSessions - Asynchronous Sessions clean-up phase starting NOW
[INFO  - 2020-06-14T08:15:40.877Z] SessionManagerReqHand - _cleanupWindowlessSessions - Asynchronous Sessions clean-up phase starting NOW
[INFO  - 2020-06-14T08:16:08.453Z] SessionManagerReqHand - _cleanupWindowlessSessions - Asynchronous Sessions clean-up phase starting NOW
[INFO  - 2020-06-14T08:18:59.632Z] SessionManagerReqHand - _cleanupWindowlessSessions - Asynchronous Sessions clean-up phase starting NOW
[INFO  - 2020-06-14T08:20:40.873Z] SessionManagerReqHand - _cleanupWindowlessSessions - Asynchronous Sessions clean-up phase starting NOW
[INFO  - 2020-06-14T08:21:08.445Z] SessionManagerReqHand - _cleanupWindowlessSessions - Asynchronous Sessions clean-up phase starting NOW
[INFO  - 2020-06-14T08:23:59.624Z] SessionManagerReqHand - _cleanupWindowlessSessions - Asynchronous Sessions clean-up phase starting NOW
[INFO  - 2020-06-14T08:25:40.864Z] SessionManagerReqHand - _cleanupWindowlessSessions - Asynchronous Sessions clean-up phase starting NOW
[INFO  - 2020-06-14T08:26:08.439Z] SessionManagerReqHand - _cleanupWindowlessSessions - Asynchronous Sessions clean-up phase starting NOW
[INFO  - 2020-06-14T08:28:59.616Z] SessionManagerReqHand - _cleanupWindowlessSessions - Asynchronous Sessions clean-up phase starting NOW
[INFO  - 2020-06-14T08:30:40.858Z] SessionManagerReqHand - _cleanupWindowlessSessions - Asynchronous Sessions clean-up phase starting NOW
[INFO  - 2020-06-14T08:31:08.431Z] SessionManagerReqHand - _cleanupWindowlessSessions - Asynchronous Sessions clean-up phase starting NOW
[INFO  - 2020-06-14T08:33:59.605Z] SessionManagerReqHand - _cleanupWindowlessSessions - Asynchronous Sessions clean-up phase starting NOW
[INFO  - 2020-06-14T08:35:40.845Z] SessionManagerReqHand - _cleanupWindowlessSessions - Asynchronous Sessions clean-up phase starting NOW
[INFO  - 2020-06-14T08:36:08.418Z] SessionManagerReqHand - _cleanupWindowlessSessions - Asynchronous Sessions clean-up phase starting NOW
[INFO  - 2020-06-14T08:39:02.814Z] SessionManagerReqHand - _cleanupWindowlessSessions - Asynchronous Sessions clean-up phase starting NOW
[INFO  - 2020-06-14T08:52:54.131Z] SessionManagerReqHand - _cleanupWindowlessSessions - Asynchronous Sessions clean-up phase starting NOW
[INFO  - 2020-06-14T08:53:21.704Z] SessionManagerReqHand - _cleanupWindowlessSessions - Asynchronous Sessions clean-up phase starting NOW
[INFO  - 2020-06-14T08:56:12.886Z] SessionManagerReqHand - _cleanupWindowlessSessions - Asynchronous Sessions clean-up phase starting NOW
[INFO  - 2020-06-14T08:57:54.121Z] SessionManagerReqHand - _cleanupWindowlessSessions - Asynchronous Sessions clean-up phase starting NOW
[INFO  - 2020-06-14T08:58:21.694Z] SessionManagerReqHand - _cleanupWindowlessSessions - Asynchronous Sessions clean-up phase starting NOW
[INFO  - 2020-06-14T09:01:12.879Z] SessionManagerReqHand - _cleanupWindowlessSessions - Asynchronous Sessions clean-up phase starting NOW
[INFO  - 2020-06-14T09:02:54.114Z] SessionManagerReqHand - _cleanupWindowlessSessions - Asynchronous Sessions clean-up phase starting NOW
[INFO  - 2020-06-14T09:03:21.686Z] SessionManagerReqHand - _cleanupWindowlessSessions - Asynchronous Sessions clean-up phase starting NOW
[INFO  - 2020-06-14T09:06:12.869Z] SessionManagerReqHand - _cleanupWindowlessSessions - Asynchronous Sessions clean-up phase starting NOW
[INFO  - 2020-06-14T09:07:54.102Z] SessionManagerReqHand - _cleanupWindowlessSessions - Asynchronous Sessions clean-up phase starting NOW
[INFO  - 2020-06-14T09:08:21.676Z] SessionManagerReqHand - _cleanupWindowlessSessions - Asynchronous Sessions clean-up phase starting NOW
[INFO  - 2020-06-14T09:11:12.864Z] SessionManagerReqHand - _cleanupWindowlessSessions - Asynchronous Sessions clean-up phase starting NOW
[INFO  - 2020-06-14T09:12:54.095Z] SessionManagerReqHand - _cleanupWindowlessSessions - Asynchronous Sessions clean-up phase starting NOW
[INFO  - 2020-06-14T09:13:21.667Z] SessionManagerReqHand - _cleanupWindowlessSessions - Asynchronous Sessions clean-up phase starting NOW
[INFO  - 2020-06-14T09:16:12.855Z] SessionManagerReqHand - _cleanupWindowlessSessions - Asynchronous Sessions clean-up phase starting NOW
[INFO  - 2020-06-14T09:32:54.124Z] SessionManagerReqHand - _cleanupWindowlessSessions - Asynchronous Sessions clean-up phase starting NOW
[INFO  - 2020-06-14T12:11:35.516Z] SessionManagerReqHand - _cleanupWindowlessSessions - Asynchronous Sessions clean-up phase starting NOW
[INFO  - 2020-06-14T12:14:27.270Z] SessionManagerReqHand - _cleanupWindowlessSessions - Asynchronous Sessions clean-up phase starting NOW
[INFO  - 2020-06-14T12:16:08.503Z] SessionManagerReqHand - _cleanupWindowlessSessions - Asynchronous Sessions clean-up phase starting NOW
[INFO  - 2020-06-14T12:16:36.079Z] SessionManagerReqHand - _cleanupWindowlessSessions - Asynchronous Sessions clean-up phase starting NOW
[INFO  - 2020-06-14T12:19:27.262Z] SessionManagerReqHand - _cleanupWindowlessSessions - Asynchronous Sessions clean-up phase starting NOW
[INFO  - 2020-06-14T12:21:08.494Z] SessionManagerReqHand - _cleanupWindowlessSessions - Asynchronous Sessions clean-up phase starting NOW
[INFO  - 2020-06-14T12:21:36.071Z] SessionManagerReqHand - _cleanupWindowlessSessions - Asynchronous Sessions clean-up phase starting NOW
[INFO  - 2020-06-14T12:24:27.252Z] SessionManagerReqHand - _cleanupWindowlessSessions - Asynchronous Sessions clean-up phase starting NOW
[INFO  - 2020-06-14T12:26:08.490Z] SessionManagerReqHand - _cleanupWindowlessSessions - Asynchronous Sessions clean-up phase starting NOW
[INFO  - 2020-06-14T12:26:36.062Z] SessionManagerReqHand - _cleanupWindowlessSessions - Asynchronous Sessions clean-up phase starting NOW
[INFO  - 2020-06-14T12:29:27.243Z] SessionManagerReqHand - _cleanupWindowlessSessions - Asynchronous Sessions clean-up phase starting NOW
[INFO  - 2020-06-14T12:31:08.483Z] SessionManagerReqHand - _cleanupWindowlessSessions - Asynchronous Sessions clean-up phase starting NOW
[INFO  - 2020-06-14T12:31:36.054Z] SessionManagerReqHand - _cleanupWindowlessSessions - Asynchronous Sessions clean-up phase starting NOW
[INFO  - 2020-06-14T12:34:27.234Z] SessionManagerReqHand - _cleanupWindowlessSessions - Asynchronous Sessions clean-up phase starting NOW
[INFO  - 2020-06-14T12:36:08.477Z] SessionManagerReqHand - _cleanupWindowlessSessions - Asynchronous Sessions clean-up phase starting NOW
[INFO  - 2020-06-14T12:36:36.045Z] SessionManagerReqHand - _cleanupWindowlessSessions - Asynchronous Sessions clean-up phase starting NOW
[INFO  - 2020-06-14T12:39:27.227Z] SessionManagerReqHand - _cleanupWindowlessSessions - Asynchronous Sessions clean-up phase starting NOW
[INFO  - 2020-06-14T12:41:08.461Z] SessionManagerReqHand - _cleanupWindowlessSessions - Asynchronous Sessions clean-up phase starting NOW
[INFO  - 2020-06-14T12:41:36.033Z] SessionManagerReqHand - _cleanupWindowlessSessions - Asynchronous Sessions clean-up phase starting NOW
[INFO  - 2020-06-14T12:44:27.213Z] SessionManagerReqHand - _cleanupWindowlessSessions - Asynchronous Sessions clean-up phase starting NOW
[INFO  - 2020-06-14T12:46:08.452Z] SessionManagerReqHand - _cleanupWindowlessSessions - Asynchronous Sessions clean-up phase starting NOW
[INFO  - 2020-06-14T12:46:36.023Z] SessionManagerReqHand - _cleanupWindowlessSessions - Asynchronous Sessions clean-up phase starting NOW
[INFO  - 2020-06-14T12:49:27.205Z] SessionManagerReqHand - _cleanupWindowlessSessions - Asynchronous Sessions clean-up phase starting NOW
[INFO  - 2020-06-14T12:51:08.443Z] SessionManagerReqHand - _cleanupWindowlessSessions - Asynchronous Sessions clean-up phase starting NOW
[INFO  - 2020-06-14T12:51:36.014Z] SessionManagerReqHand - _cleanupWindowlessSessions - Asynchronous Sessions clean-up phase starting NOW
[INFO  - 2020-06-14T12:54:27.197Z] SessionManagerReqHand - _cleanupWindowlessSessions - Asynchronous Sessions clean-up phase starting NOW
[INFO  - 2020-06-14T12:56:08.434Z] SessionManagerReqHand - _cleanupWindowlessSessions - Asynchronous Sessions clean-up phase starting NOW
[INFO  - 2020-06-14T12:56:36.008Z] SessionManagerReqHand - _cleanupWindowlessSessions - Asynchronous Sessions clean-up phase starting NOW
[INFO  - 2020-06-14T12:59:27.188Z] SessionManagerReqHand - _cleanupWindowlessSessions - Asynchronous Sessions clean-up phase starting NOW
[INFO  - 2020-06-14T13:01:08.424Z] SessionManagerReqHand - _cleanupWindowlessSessions - Asynchronous Sessions clean-up phase starting NOW
[INFO  - 2020-06-14T13:01:35.999Z] SessionManagerReqHand - _cleanupWindowlessSessions - Asynchronous Sessions clean-up phase starting NOW
[INFO  - 2020-06-14T13:04:27.178Z] SessionManagerReqHand - _cleanupWindowlessSessions - Asynchronous Sessions clean-up phase starting NOW
[INFO  - 2020-06-14T13:06:08.415Z] SessionManagerReqHand - _cleanupWindowlessSessions - Asynchronous Sessions clean-up phase starting NOW
[INFO  - 2020-06-14T13:06:35.991Z] SessionManagerReqHand - _cleanupWindowlessSessions - Asynchronous Sessions clean-up phase starting NOW
[INFO  - 2020-06-14T13:09:27.168Z] SessionManagerReqHand - _cleanupWindowlessSessions - Asynchronous Sessions clean-up phase starting NOW
[INFO  - 2020-06-14T13:11:08.410Z] SessionManagerReqHand - _cleanupWindowlessSessions - Asynchronous Sessions clean-up phase starting NOW
[INFO  - 2020-06-14T13:11:35.982Z] SessionManagerReqHand - _cleanupWindowlessSessions - Asynchronous Sessions clean-up phase starting NOW
[INFO  - 2020-06-14T13:14:27.158Z] SessionManagerReqHand - _cleanupWindowlessSessions - Asynchronous Sessions clean-up phase starting NOW
[INFO  - 2020-06-14T13:16:08.402Z] SessionManagerReqHand - _cleanupWindowlessSessions - Asynchronous Sessions clean-up phase starting NOW
[INFO  - 2020-06-14T13:16:35.974Z] SessionManagerReqHand - _cleanupWindowlessSessions - Asynchronous Sessions clean-up phase starting NOW
[INFO  - 2020-06-14T13:18:10.386Z] GhostDriver - Main - running on port 29399
[INFO  - 2020-06-14T13:18:10.716Z] Session [7e86eb60-ae41-11ea-960a-0f907ed00712] - page.settings - {"XSSAuditingEnabled":false,"javascriptCanCloseWindows":true,"javascriptCanOpenWindows":true,"javascriptEnabled":true,"loadImages":true,"localToRemoteUrlAccessEnabled":false,"userAgent":"Mozilla/5.0 (Macintosh; Intel Mac OS X) AppleWebKit/538.1 (KHTML, like Gecko) PhantomJS/2.1.1 Safari/538.1","webSecurityEnabled":true}
[INFO  - 2020-06-14T13:18:10.716Z] Session [7e86eb60-ae41-11ea-960a-0f907ed00712] - page.customHeaders:  - {}
[INFO  - 2020-06-14T13:18:10.716Z] Session [7e86eb60-ae41-11ea-960a-0f907ed00712] - Session.negotiatedCapabilities - {"browserName":"phantomjs","version":"2.1.1","driverName":"ghostdriver","driverVersion":"1.2.0","platform":"mac-unknown-64bit","javascriptEnabled":true,"takesScreenshot":true,"handlesAlerts":false,"databaseEnabled":false,"locationContextEnabled":false,"applicationCacheEnabled":false,"browserConnectionEnabled":false,"cssSelectorsEnabled":true,"webStorageEnabled":false,"rotatable":false,"acceptSslCerts":false,"nativeEvents":true,"proxy":{"proxyType":"direct"}}
[INFO  - 2020-06-14T13:18:10.716Z] SessionManagerReqHand - _postNewSessionCommand - New Session Created: 7e86eb60-ae41-11ea-960a-0f907ed00712
[ERROR - 2020-06-14T13:18:12.025Z] Session [7e86eb60-ae41-11ea-960a-0f907ed00712] - page.onError - msg: ReferenceError: Can't find variable: Promise
[ERROR - 2020-06-14T13:18:12.025Z] Session [7e86eb60-ae41-11ea-960a-0f907ed00712] - page.onError - stack:
  (anonymous function) (http://load.sumome.com/:1)
  o (http://load.sumome.com/:1)
  (anonymous function) (http://load.sumome.com/:1)
[ERROR - 2020-06-14T13:18:13.454Z] Session [7e86eb60-ae41-11ea-960a-0f907ed00712] - page.onError - msg: Error: Bootstrap's JavaScript requires jQuery
[ERROR - 2020-06-14T13:18:13.454Z] Session [7e86eb60-ae41-11ea-960a-0f907ed00712] - page.onError - stack:
  global code (http://qaclickacademy.com/js/bootstrap.min.js:6)
[ERROR - 2020-06-14T13:18:13.455Z] Session [7e86eb60-ae41-11ea-960a-0f907ed00712] - page.onError - msg: ReferenceError: Can't find variable: jQuery
[ERROR - 2020-06-14T13:18:13.455Z] Session [7e86eb60-ae41-11ea-960a-0f907ed00712] - page.onError - stack:
  global code (http://qaclickacademy.com/js/jquery.easing.1.3.js:39)
[ERROR - 2020-06-14T13:18:13.455Z] Session [7e86eb60-ae41-11ea-960a-0f907ed00712] - page.onError - msg: ReferenceError: Can't find variable: jQuery
[ERROR - 2020-06-14T13:18:13.455Z] Session [7e86eb60-ae41-11ea-960a-0f907ed00712] - page.onError - stack:
  global code (http://qaclickacademy.com/js/jquery.animate-enhanced.min.js:22)
[ERROR - 2020-06-14T13:18:13.456Z] Session [7e86eb60-ae41-11ea-960a-0f907ed00712] - page.onError - msg: ReferenceError: Can't find variable: jQuery
[ERROR - 2020-06-14T13:18:13.456Z] Session [7e86eb60-ae41-11ea-960a-0f907ed00712] - page.onError - stack:
  global code (http://qaclickacademy.com/js/jquery.superslides.js:656)
[ERROR - 2020-06-14T13:18:13.458Z] Session [7e86eb60-ae41-11ea-960a-0f907ed00712] - page.onError - msg: TypeError: undefined is not an object (evaluating 'a.fn')
[ERROR - 2020-06-14T13:18:13.458Z] Session [7e86eb60-ae41-11ea-960a-0f907ed00712] - page.onError - stack:
  (anonymous function) (http://qaclickacademy.com/js/owl.carousel.min.js:1)
[ERROR - 2020-06-14T13:18:13.458Z] Session [7e86eb60-ae41-11ea-960a-0f907ed00712] - page.onError - msg: ReferenceError: Can't find variable: jQuery
[ERROR - 2020-06-14T13:18:13.458Z] Session [7e86eb60-ae41-11ea-960a-0f907ed00712] - page.onError - stack:
  global code (http://qaclickacademy.com/js/jquery.parallax-1.1.3.js:69)
[ERROR - 2020-06-14T13:18:13.459Z] Session [7e86eb60-ae41-11ea-960a-0f907ed00712] - page.onError - msg: ReferenceError: Can't find variable: jQuery
[ERROR - 2020-06-14T13:18:13.459Z] Session [7e86eb60-ae41-11ea-960a-0f907ed00712] - page.onError - stack:
  global code (http://qaclickacademy.com/js/jquery.fancybox.js:2020)
[ERROR - 2020-06-14T13:18:13.506Z] Session [7e86eb60-ae41-11ea-960a-0f907ed00712] - page.onError - msg: TypeError: undefined is not an object (evaluating '$.noop')
[ERROR - 2020-06-14T13:18:13.506Z] Session [7e86eb60-ae41-11ea-960a-0f907ed00712] - page.onError - stack:
  (anonymous function) (http://qaclickacademy.com/js/bootstrap-progressbar.js:29)
[ERROR - 2020-06-14T13:18:13.507Z] Session [7e86eb60-ae41-11ea-960a-0f907ed00712] - page.onError - msg: ReferenceError: Can't find variable: $
[ERROR - 2020-06-14T13:18:13.507Z] Session [7e86eb60-ae41-11ea-960a-0f907ed00712] - page.onError - stack:
  global code (http://qaclickacademy.com/js/magic.js:2)
[ERROR - 2020-06-14T13:18:13.507Z] Session [7e86eb60-ae41-11ea-960a-0f907ed00712] - page.onError - msg: ReferenceError: Can't find variable: jQuery
[ERROR - 2020-06-14T13:18:13.507Z] Session [7e86eb60-ae41-11ea-960a-0f907ed00712] - page.onError - stack:
  global code (http://qaclickacademy.com/js/settings.js:247)
[ERROR - 2020-06-14T13:18:13.509Z] Session [7e86eb60-ae41-11ea-960a-0f907ed00712] - page.onError - msg: ReferenceError: Can't find variable: $
[ERROR - 2020-06-14T13:18:13.509Z] Session [7e86eb60-ae41-11ea-960a-0f907ed00712] - page.onError - stack:
  global code (http://qaclickacademy.com/:426)
[INFO  - 2020-06-14T13:19:27.151Z] SessionManagerReqHand - _cleanupWindowlessSessions - Asynchronous Sessions clean-up phase starting NOW
[INFO  - 2020-06-14T13:21:08.399Z] SessionManagerReqHand - _cleanupWindowlessSessions - Asynchronous Sessions clean-up phase starting NOW
[INFO  - 2020-06-14T13:21:35.969Z] SessionManagerReqHand - _cleanupWindowlessSessions - Asynchronous Sessions clean-up phase starting NOW
[INFO  - 2020-06-14T13:22:51.476Z] GhostDriver - Main - running on port 42109
[INFO  - 2020-06-14T13:22:51.655Z] Session [25fb1d30-ae42-11ea-92dc-898683367249] - page.settings - {"XSSAuditingEnabled":false,"javascriptCanCloseWindows":true,"javascriptCanOpenWindows":true,"javascriptEnabled":true,"loadImages":true,"localToRemoteUrlAccessEnabled":false,"userAgent":"Mozilla/5.0 (Macintosh; Intel Mac OS X) AppleWebKit/538.1 (KHTML, like Gecko) PhantomJS/2.1.1 Safari/538.1","webSecurityEnabled":true}
[INFO  - 2020-06-14T13:22:51.655Z] Session [25fb1d30-ae42-11ea-92dc-898683367249] - page.customHeaders:  - {}
[INFO  - 2020-06-14T13:22:51.655Z] Session [25fb1d30-ae42-11ea-92dc-898683367249] - Session.negotiatedCapabilities - {"browserName":"phantomjs","version":"2.1.1","driverName":"ghostdriver","driverVersion":"1.2.0","platform":"mac-unknown-64bit","javascriptEnabled":true,"takesScreenshot":true,"handlesAlerts":false,"databaseEnabled":false,"locationContextEnabled":false,"applicationCacheEnabled":false,"browserConnectionEnabled":false,"cssSelectorsEnabled":true,"webStorageEnabled":false,"rotatable":false,"acceptSslCerts":false,"nativeEvents":true,"proxy":{"proxyType":"direct"}}
[INFO  - 2020-06-14T13:22:51.655Z] SessionManagerReqHand - _postNewSessionCommand - New Session Created: 25fb1d30-ae42-11ea-92dc-898683367249
[ERROR - 2020-06-14T13:22:52.594Z] Session [25fb1d30-ae42-11ea-92dc-898683367249] - page.onError - msg: ReferenceError: Can't find variable: Promise
[ERROR - 2020-06-14T13:22:52.594Z] Session [25fb1d30-ae42-11ea-92dc-898683367249] - page.onError - stack:
  (anonymous function) (http://load.sumome.com/:1)
  o (http://load.sumome.com/:1)
  (anonymous function) (http://load.sumome.com/:1)
[ERROR - 2020-06-14T13:22:53.687Z] Session [25fb1d30-ae42-11ea-92dc-898683367249] - page.onError - msg: Error: Bootstrap's JavaScript requires jQuery
[ERROR - 2020-06-14T13:22:53.687Z] Session [25fb1d30-ae42-11ea-92dc-898683367249] - page.onError - stack:
  global code (http://qaclickacademy.com/js/bootstrap.min.js:6)
[ERROR - 2020-06-14T13:22:53.687Z] Session [25fb1d30-ae42-11ea-92dc-898683367249] - page.onError - msg: ReferenceError: Can't find variable: jQuery
[ERROR - 2020-06-14T13:22:53.687Z] Session [25fb1d30-ae42-11ea-92dc-898683367249] - page.onError - stack:
  global code (http://qaclickacademy.com/js/jquery.easing.1.3.js:39)
[ERROR - 2020-06-14T13:22:53.688Z] Session [25fb1d30-ae42-11ea-92dc-898683367249] - page.onError - msg: ReferenceError: Can't find variable: jQuery
[ERROR - 2020-06-14T13:22:53.688Z] Session [25fb1d30-ae42-11ea-92dc-898683367249] - page.onError - stack:
  global code (http://qaclickacademy.com/js/jquery.animate-enhanced.min.js:22)
[ERROR - 2020-06-14T13:22:53.688Z] Session [25fb1d30-ae42-11ea-92dc-898683367249] - page.onError - msg: ReferenceError: Can't find variable: jQuery
[ERROR - 2020-06-14T13:22:53.688Z] Session [25fb1d30-ae42-11ea-92dc-898683367249] - page.onError - stack:
  global code (http://qaclickacademy.com/js/jquery.superslides.js:656)
[ERROR - 2020-06-14T13:22:53.690Z] Session [25fb1d30-ae42-11ea-92dc-898683367249] - page.onError - msg: TypeError: undefined is not an object (evaluating 'a.fn')
[ERROR - 2020-06-14T13:22:53.690Z] Session [25fb1d30-ae42-11ea-92dc-898683367249] - page.onError - stack:
  (anonymous function) (http://qaclickacademy.com/js/owl.carousel.min.js:1)
[ERROR - 2020-06-14T13:22:53.690Z] Session [25fb1d30-ae42-11ea-92dc-898683367249] - page.onError - msg: ReferenceError: Can't find variable: jQuery
[ERROR - 2020-06-14T13:22:53.690Z] Session [25fb1d30-ae42-11ea-92dc-898683367249] - page.onError - stack:
  global code (http://qaclickacademy.com/js/jquery.parallax-1.1.3.js:69)
[ERROR - 2020-06-14T13:22:53.692Z] Session [25fb1d30-ae42-11ea-92dc-898683367249] - page.onError - msg: ReferenceError: Can't find variable: jQuery
[ERROR - 2020-06-14T13:22:53.692Z] Session [25fb1d30-ae42-11ea-92dc-898683367249] - page.onError - stack:
  global code (http://qaclickacademy.com/js/jquery.fancybox.js:2020)
[ERROR - 2020-06-14T13:22:53.728Z] Session [25fb1d30-ae42-11ea-92dc-898683367249] - page.onError - msg: TypeError: undefined is not an object (evaluating '$.noop')
[ERROR - 2020-06-14T13:22:53.728Z] Session [25fb1d30-ae42-11ea-92dc-898683367249] - page.onError - stack:
  (anonymous function) (http://qaclickacademy.com/js/bootstrap-progressbar.js:29)
[ERROR - 2020-06-14T13:22:53.729Z] Session [25fb1d30-ae42-11ea-92dc-898683367249] - page.onError - msg: ReferenceError: Can't find variable: $
[ERROR - 2020-06-14T13:22:53.729Z] Session [25fb1d30-ae42-11ea-92dc-898683367249] - page.onError - stack:
  global code (http://qaclickacademy.com/js/magic.js:2)
[ERROR - 2020-06-14T13:22:53.730Z] Session [25fb1d30-ae42-11ea-92dc-898683367249] - page.onError - msg: ReferenceError: Can't find variable: jQuery
[ERROR - 2020-06-14T13:22:53.730Z] Session [25fb1d30-ae42-11ea-92dc-898683367249] - page.onError - stack:
  global code (http://qaclickacademy.com/js/settings.js:247)
[ERROR - 2020-06-14T13:22:53.731Z] Session [25fb1d30-ae42-11ea-92dc-898683367249] - page.onError - msg: ReferenceError: Can't find variable: $
[ERROR - 2020-06-14T13:22:53.731Z] Session [25fb1d30-ae42-11ea-92dc-898683367249] - page.onError - stack:
  global code (http://qaclickacademy.com/:426)
[INFO  - 2020-06-14T13:23:10.385Z] SessionManagerReqHand - _cleanupWindowlessSessions - Asynchronous Sessions clean-up phase starting NOW
[INFO  - 2020-06-14T13:23:10.385Z] SessionManagerReqHand - _cleanupWindowlessSessions - Deleted Session '7e86eb60-ae41-11ea-960a-0f907ed00712', because windowless
[INFO  - 2020-06-14T13:23:51.975Z] GhostDriver - Main - running on port 23867
[INFO  - 2020-06-14T13:23:52.189Z] Session [4a0fde90-ae42-11ea-9c34-db79370e2cb8] - page.settings - {"XSSAuditingEnabled":false,"javascriptCanCloseWindows":true,"javascriptCanOpenWindows":true,"javascriptEnabled":true,"loadImages":true,"localToRemoteUrlAccessEnabled":false,"userAgent":"Mozilla/5.0 (Macintosh; Intel Mac OS X) AppleWebKit/538.1 (KHTML, like Gecko) PhantomJS/2.1.1 Safari/538.1","webSecurityEnabled":true}
[INFO  - 2020-06-14T13:23:52.189Z] Session [4a0fde90-ae42-11ea-9c34-db79370e2cb8] - page.customHeaders:  - {}
[INFO  - 2020-06-14T13:23:52.190Z] Session [4a0fde90-ae42-11ea-9c34-db79370e2cb8] - Session.negotiatedCapabilities - {"browserName":"phantomjs","version":"2.1.1","driverName":"ghostdriver","driverVersion":"1.2.0","platform":"mac-unknown-64bit","javascriptEnabled":true,"takesScreenshot":true,"handlesAlerts":false,"databaseEnabled":false,"locationContextEnabled":false,"applicationCacheEnabled":false,"browserConnectionEnabled":false,"cssSelectorsEnabled":true,"webStorageEnabled":false,"rotatable":false,"acceptSslCerts":false,"nativeEvents":true,"proxy":{"proxyType":"direct"}}
[INFO  - 2020-06-14T13:23:52.190Z] SessionManagerReqHand - _postNewSessionCommand - New Session Created: 4a0fde90-ae42-11ea-9c34-db79370e2cb8
[ERROR - 2020-06-14T13:23:52.716Z] Session [4a0fde90-ae42-11ea-9c34-db79370e2cb8] - page.onError - msg: ReferenceError: Can't find variable: Promise
[ERROR - 2020-06-14T13:23:52.716Z] Session [4a0fde90-ae42-11ea-9c34-db79370e2cb8] - page.onError - stack:
  (anonymous function) (http://load.sumome.com/:1)
  o (http://load.sumome.com/:1)
  (anonymous function) (http://load.sumome.com/:1)
[ERROR - 2020-06-14T13:23:53.603Z] Session [4a0fde90-ae42-11ea-9c34-db79370e2cb8] - page.onError - msg: Error: Bootstrap's JavaScript requires jQuery
[ERROR - 2020-06-14T13:23:53.603Z] Session [4a0fde90-ae42-11ea-9c34-db79370e2cb8] - page.onError - stack:
  global code (http://qaclickacademy.com/js/bootstrap.min.js:6)
[ERROR - 2020-06-14T13:23:53.603Z] Session [4a0fde90-ae42-11ea-9c34-db79370e2cb8] - page.onError - msg: ReferenceError: Can't find variable: jQuery
[ERROR - 2020-06-14T13:23:53.603Z] Session [4a0fde90-ae42-11ea-9c34-db79370e2cb8] - page.onError - stack:
  global code (http://qaclickacademy.com/js/jquery.easing.1.3.js:39)
[ERROR - 2020-06-14T13:23:53.604Z] Session [4a0fde90-ae42-11ea-9c34-db79370e2cb8] - page.onError - msg: ReferenceError: Can't find variable: jQuery
[ERROR - 2020-06-14T13:23:53.604Z] Session [4a0fde90-ae42-11ea-9c34-db79370e2cb8] - page.onError - stack:
  global code (http://qaclickacademy.com/js/jquery.animate-enhanced.min.js:22)
[ERROR - 2020-06-14T13:23:53.604Z] Session [4a0fde90-ae42-11ea-9c34-db79370e2cb8] - page.onError - msg: ReferenceError: Can't find variable: jQuery
[ERROR - 2020-06-14T13:23:53.604Z] Session [4a0fde90-ae42-11ea-9c34-db79370e2cb8] - page.onError - stack:
  global code (http://qaclickacademy.com/js/jquery.superslides.js:656)
[ERROR - 2020-06-14T13:23:53.606Z] Session [4a0fde90-ae42-11ea-9c34-db79370e2cb8] - page.onError - msg: TypeError: undefined is not an object (evaluating 'a.fn')
[ERROR - 2020-06-14T13:23:53.606Z] Session [4a0fde90-ae42-11ea-9c34-db79370e2cb8] - page.onError - stack:
  (anonymous function) (http://qaclickacademy.com/js/owl.carousel.min.js:1)
[ERROR - 2020-06-14T13:23:53.606Z] Session [4a0fde90-ae42-11ea-9c34-db79370e2cb8] - page.onError - msg: ReferenceError: Can't find variable: jQuery
[ERROR - 2020-06-14T13:23:53.606Z] Session [4a0fde90-ae42-11ea-9c34-db79370e2cb8] - page.onError - stack:
  global code (http://qaclickacademy.com/js/jquery.parallax-1.1.3.js:69)
[ERROR - 2020-06-14T13:23:53.607Z] Session [4a0fde90-ae42-11ea-9c34-db79370e2cb8] - page.onError - msg: ReferenceError: Can't find variable: jQuery
[ERROR - 2020-06-14T13:23:53.608Z] Session [4a0fde90-ae42-11ea-9c34-db79370e2cb8] - page.onError - stack:
  global code (http://qaclickacademy.com/js/jquery.fancybox.js:2020)
[ERROR - 2020-06-14T13:23:53.645Z] Session [4a0fde90-ae42-11ea-9c34-db79370e2cb8] - page.onError - msg: TypeError: undefined is not an object (evaluating '$.noop')
[ERROR - 2020-06-14T13:23:53.645Z] Session [4a0fde90-ae42-11ea-9c34-db79370e2cb8] - page.onError - stack:
  (anonymous function) (http://qaclickacademy.com/js/bootstrap-progressbar.js:29)
[ERROR - 2020-06-14T13:23:53.646Z] Session [4a0fde90-ae42-11ea-9c34-db79370e2cb8] - page.onError - msg: ReferenceError: Can't find variable: $
[ERROR - 2020-06-14T13:23:53.646Z] Session [4a0fde90-ae42-11ea-9c34-db79370e2cb8] - page.onError - stack:
  global code (http://qaclickacademy.com/js/magic.js:2)
[ERROR - 2020-06-14T13:23:53.646Z] Session [4a0fde90-ae42-11ea-9c34-db79370e2cb8] - page.onError - msg: ReferenceError: Can't find variable: jQuery
[ERROR - 2020-06-14T13:23:53.646Z] Session [4a0fde90-ae42-11ea-9c34-db79370e2cb8] - page.onError - stack:
  global code (http://qaclickacademy.com/js/settings.js:247)
[ERROR - 2020-06-14T13:23:53.648Z] Session [4a0fde90-ae42-11ea-9c34-db79370e2cb8] - page.onError - msg: ReferenceError: Can't find variable: $
[ERROR - 2020-06-14T13:23:53.648Z] Session [4a0fde90-ae42-11ea-9c34-db79370e2cb8] - page.onError - stack:
  global code (http://qaclickacademy.com/:426)
[INFO  - 2020-06-14T13:24:27.142Z] SessionManagerReqHand - _cleanupWindowlessSessions - Asynchronous Sessions clean-up phase starting NOW
[INFO  - 2020-06-14T13:24:50.943Z] GhostDriver - Main - running on port 42991
[INFO  - 2020-06-14T13:24:51.129Z] Session [6d313f40-ae42-11ea-a5e9-c5269b372ac7] - page.settings - {"XSSAuditingEnabled":false,"javascriptCanCloseWindows":true,"javascriptCanOpenWindows":true,"javascriptEnabled":true,"loadImages":true,"localToRemoteUrlAccessEnabled":false,"userAgent":"Mozilla/5.0 (Macintosh; Intel Mac OS X) AppleWebKit/538.1 (KHTML, like Gecko) PhantomJS/2.1.1 Safari/538.1","webSecurityEnabled":true}
[INFO  - 2020-06-14T13:24:51.129Z] Session [6d313f40-ae42-11ea-a5e9-c5269b372ac7] - page.customHeaders:  - {}
[INFO  - 2020-06-14T13:24:51.129Z] Session [6d313f40-ae42-11ea-a5e9-c5269b372ac7] - Session.negotiatedCapabilities - {"browserName":"phantomjs","version":"2.1.1","driverName":"ghostdriver","driverVersion":"1.2.0","platform":"mac-unknown-64bit","javascriptEnabled":true,"takesScreenshot":true,"handlesAlerts":false,"databaseEnabled":false,"locationContextEnabled":false,"applicationCacheEnabled":false,"browserConnectionEnabled":false,"cssSelectorsEnabled":true,"webStorageEnabled":false,"rotatable":false,"acceptSslCerts":false,"nativeEvents":true,"proxy":{"proxyType":"direct"}}
[INFO  - 2020-06-14T13:24:51.129Z] SessionManagerReqHand - _postNewSessionCommand - New Session Created: 6d313f40-ae42-11ea-a5e9-c5269b372ac7
[ERROR - 2020-06-14T13:24:51.928Z] Session [6d313f40-ae42-11ea-a5e9-c5269b372ac7] - page.onError - msg: ReferenceError: Can't find variable: Promise
[ERROR - 2020-06-14T13:24:51.928Z] Session [6d313f40-ae42-11ea-a5e9-c5269b372ac7] - page.onError - stack:
  (anonymous function) (http://load.sumome.com/:1)
  o (http://load.sumome.com/:1)
  (anonymous function) (http://load.sumome.com/:1)
[ERROR - 2020-06-14T13:24:53.132Z] Session [6d313f40-ae42-11ea-a5e9-c5269b372ac7] - page.onError - msg: Error: Bootstrap's JavaScript requires jQuery
[ERROR - 2020-06-14T13:24:53.133Z] Session [6d313f40-ae42-11ea-a5e9-c5269b372ac7] - page.onError - stack:
  global code (http://qaclickacademy.com/js/bootstrap.min.js:6)
[ERROR - 2020-06-14T13:24:53.133Z] Session [6d313f40-ae42-11ea-a5e9-c5269b372ac7] - page.onError - msg: ReferenceError: Can't find variable: jQuery
[ERROR - 2020-06-14T13:24:53.133Z] Session [6d313f40-ae42-11ea-a5e9-c5269b372ac7] - page.onError - stack:
  global code (http://qaclickacademy.com/js/jquery.easing.1.3.js:39)
[ERROR - 2020-06-14T13:24:53.134Z] Session [6d313f40-ae42-11ea-a5e9-c5269b372ac7] - page.onError - msg: ReferenceError: Can't find variable: jQuery
[ERROR - 2020-06-14T13:24:53.134Z] Session [6d313f40-ae42-11ea-a5e9-c5269b372ac7] - page.onError - stack:
  global code (http://qaclickacademy.com/js/jquery.animate-enhanced.min.js:22)
[ERROR - 2020-06-14T13:24:53.134Z] Session [6d313f40-ae42-11ea-a5e9-c5269b372ac7] - page.onError - msg: ReferenceError: Can't find variable: jQuery
[ERROR - 2020-06-14T13:24:53.134Z] Session [6d313f40-ae42-11ea-a5e9-c5269b372ac7] - page.onError - stack:
  global code (http://qaclickacademy.com/js/jquery.superslides.js:656)
[ERROR - 2020-06-14T13:24:53.136Z] Session [6d313f40-ae42-11ea-a5e9-c5269b372ac7] - page.onError - msg: TypeError: undefined is not an object (evaluating 'a.fn')
[ERROR - 2020-06-14T13:24:53.136Z] Session [6d313f40-ae42-11ea-a5e9-c5269b372ac7] - page.onError - stack:
  (anonymous function) (http://qaclickacademy.com/js/owl.carousel.min.js:1)
[ERROR - 2020-06-14T13:24:53.137Z] Session [6d313f40-ae42-11ea-a5e9-c5269b372ac7] - page.onError - msg: ReferenceError: Can't find variable: jQuery
[ERROR - 2020-06-14T13:24:53.137Z] Session [6d313f40-ae42-11ea-a5e9-c5269b372ac7] - page.onError - stack:
  global code (http://qaclickacademy.com/js/jquery.parallax-1.1.3.js:69)
[ERROR - 2020-06-14T13:24:53.138Z] Session [6d313f40-ae42-11ea-a5e9-c5269b372ac7] - page.onError - msg: ReferenceError: Can't find variable: jQuery
[ERROR - 2020-06-14T13:24:53.138Z] Session [6d313f40-ae42-11ea-a5e9-c5269b372ac7] - page.onError - stack:
  global code (http://qaclickacademy.com/js/jquery.fancybox.js:2020)
[ERROR - 2020-06-14T13:24:53.175Z] Session [6d313f40-ae42-11ea-a5e9-c5269b372ac7] - page.onError - msg: TypeError: undefined is not an object (evaluating '$.noop')
[ERROR - 2020-06-14T13:24:53.175Z] Session [6d313f40-ae42-11ea-a5e9-c5269b372ac7] - page.onError - stack:
  (anonymous function) (http://qaclickacademy.com/js/bootstrap-progressbar.js:29)
[ERROR - 2020-06-14T13:24:53.175Z] Session [6d313f40-ae42-11ea-a5e9-c5269b372ac7] - page.onError - msg: ReferenceError: Can't find variable: $
[ERROR - 2020-06-14T13:24:53.175Z] Session [6d313f40-ae42-11ea-a5e9-c5269b372ac7] - page.onError - stack:
  global code (http://qaclickacademy.com/js/magic.js:2)
[ERROR - 2020-06-14T13:24:53.176Z] Session [6d313f40-ae42-11ea-a5e9-c5269b372ac7] - page.onError - msg: ReferenceError: Can't find variable: jQuery
[ERROR - 2020-06-14T13:24:53.176Z] Session [6d313f40-ae42-11ea-a5e9-c5269b372ac7] - page.onError - stack:
  global code (http://qaclickacademy.com/js/settings.js:247)
[ERROR - 2020-06-14T13:24:53.177Z] Session [6d313f40-ae42-11ea-a5e9-c5269b372ac7] - page.onError - msg: ReferenceError: Can't find variable: $
[ERROR - 2020-06-14T13:24:53.177Z] Session [6d313f40-ae42-11ea-a5e9-c5269b372ac7] - page.onError - stack:
  global code (http://qaclickacademy.com/:426)
[INFO  - 2020-06-14T13:26:08.389Z] SessionManagerReqHand - _cleanupWindowlessSessions - Asynchronous Sessions clean-up phase starting NOW
[INFO  - 2020-06-14T13:26:35.961Z] SessionManagerReqHand - _cleanupWindowlessSessions - Asynchronous Sessions clean-up phase starting NOW
[INFO  - 2020-06-14T13:27:51.479Z] SessionManagerReqHand - _cleanupWindowlessSessions - Asynchronous Sessions clean-up phase starting NOW
[INFO  - 2020-06-14T13:27:51.479Z] SessionManagerReqHand - _cleanupWindowlessSessions - Deleted Session '25fb1d30-ae42-11ea-92dc-898683367249', because windowless
[INFO  - 2020-06-14T13:28:52.253Z] SessionManagerReqHand - _cleanupWindowlessSessions - Asynchronous Sessions clean-up phase starting NOW
[INFO  - 2020-06-14T13:28:52.253Z] SessionManagerReqHand - _cleanupWindowlessSessions - Deleted Session '4a0fde90-ae42-11ea-9c34-db79370e2cb8', because windowless
[INFO  - 2020-06-14T13:29:27.136Z] SessionManagerReqHand - _cleanupWindowlessSessions - Asynchronous Sessions clean-up phase starting NOW
[INFO  - 2020-06-14T13:29:51.252Z] SessionManagerReqHand - _cleanupWindowlessSessions - Asynchronous Sessions clean-up phase starting NOW
[INFO  - 2020-06-14T13:29:51.252Z] SessionManagerReqHand - _cleanupWindowlessSessions - Deleted Session '6d313f40-ae42-11ea-a5e9-c5269b372ac7', because windowless
[INFO  - 2020-06-14T13:31:08.382Z] SessionManagerReqHand - _cleanupWindowlessSessions - Asynchronous Sessions clean-up phase starting NOW
[INFO  - 2020-06-14T13:31:35.951Z] SessionManagerReqHand - _cleanupWindowlessSessions - Asynchronous Sessions clean-up phase starting NOW
[INFO  - 2020-06-14T13:34:27.126Z] SessionManagerReqHand - _cleanupWindowlessSessions - Asynchronous Sessions clean-up phase starting NOW
[INFO  - 2020-06-14T13:36:08.373Z] SessionManagerReqHand - _cleanupWindowlessSessions - Asynchronous Sessions clean-up phase starting NOW
[INFO  - 2020-06-14T13:36:35.942Z] SessionManagerReqHand - _cleanupWindowlessSessions - Asynchronous Sessions clean-up phase starting NOW
[INFO  - 2020-06-14T13:39:27.118Z] SessionManagerReqHand - _cleanupWindowlessSessions - Asynchronous Sessions clean-up phase starting NOW
[INFO  - 2020-06-14T13:41:08.363Z] SessionManagerReqHand - _cleanupWindowlessSessions - Asynchronous Sessions clean-up phase starting NOW
[INFO  - 2020-06-14T13:41:35.932Z] SessionManagerReqHand - _cleanupWindowlessSessions - Asynchronous Sessions clean-up phase starting NOW
[INFO  - 2020-06-14T13:44:27.110Z] SessionManagerReqHand - _cleanupWindowlessSessions - Asynchronous Sessions clean-up phase starting NOW
[INFO  - 2020-06-14T13:46:08.358Z] SessionManagerReqHand - _cleanupWindowlessSessions - Asynchronous Sessions clean-up phase starting NOW
[INFO  - 2020-06-14T13:46:35.922Z] SessionManagerReqHand - _cleanupWindowlessSessions - Asynchronous Sessions clean-up phase starting NOW
[INFO  - 2020-06-14T13:49:27.102Z] SessionManagerReqHand - _cleanupWindowlessSessions - Asynchronous Sessions clean-up phase starting NOW
[INFO  - 2020-06-14T13:51:08.351Z] SessionManagerReqHand - _cleanupWindowlessSessions - Asynchronous Sessions clean-up phase starting NOW
[INFO  - 2020-06-14T13:51:35.913Z] SessionManagerReqHand - _cleanupWindowlessSessions - Asynchronous Sessions clean-up phase starting NOW
[INFO  - 2020-06-14T13:54:27.093Z] SessionManagerReqHand - _cleanupWindowlessSessions - Asynchronous Sessions clean-up phase starting NOW
[INFO  - 2020-06-14T13:56:08.341Z] SessionManagerReqHand - _cleanupWindowlessSessions - Asynchronous Sessions clean-up phase starting NOW
[INFO  - 2020-06-14T13:56:35.908Z] SessionManagerReqHand - _cleanupWindowlessSessions - Asynchronous Sessions clean-up phase starting NOW
[INFO  - 2020-06-14T13:59:27.085Z] SessionManagerReqHand - _cleanupWindowlessSessions - Asynchronous Sessions clean-up phase starting NOW
[INFO  - 2020-06-14T14:01:08.334Z] SessionManagerReqHand - _cleanupWindowlessSessions - Asynchronous Sessions clean-up phase starting NOW
[INFO  - 2020-06-14T14:01:35.899Z] SessionManagerReqHand - _cleanupWindowlessSessions - Asynchronous Sessions clean-up phase starting NOW
[INFO  - 2020-06-14T14:04:27.076Z] SessionManagerReqHand - _cleanupWindowlessSessions - Asynchronous Sessions clean-up phase starting NOW
[INFO  - 2020-06-14T14:06:08.324Z] SessionManagerReqHand - _cleanupWindowlessSessions - Asynchronous Sessions clean-up phase starting NOW
[INFO  - 2020-06-14T14:06:35.890Z] SessionManagerReqHand - _cleanupWindowlessSessions - Asynchronous Sessions clean-up phase starting NOW
[INFO  - 2020-06-14T14:09:27.068Z] SessionManagerReqHand - _cleanupWindowlessSessions - Asynchronous Sessions clean-up phase starting NOW
[INFO  - 2020-06-14T14:11:08.316Z] SessionManagerReqHand - _cleanupWindowlessSessions - Asynchronous Sessions clean-up phase starting NOW
[INFO  - 2020-06-14T14:11:35.880Z] SessionManagerReqHand - _cleanupWindowlessSessions - Asynchronous Sessions clean-up phase starting NOW
[INFO  - 2020-06-14T14:14:27.061Z] SessionManagerReqHand - _cleanupWindowlessSessions - Asynchronous Sessions clean-up phase starting NOW
[INFO  - 2020-06-14T14:16:08.307Z] SessionManagerReqHand - _cleanupWindowlessSessions - Asynchronous Sessions clean-up phase starting NOW
[INFO  - 2020-06-14T14:16:35.870Z] SessionManagerReqHand - _cleanupWindowlessSessions - Asynchronous Sessions clean-up phase starting NOW
[INFO  - 2020-06-14T14:19:27.052Z] SessionManagerReqHand - _cleanupWindowlessSessions - Asynchronous Sessions clean-up phase starting NOW
[INFO  - 2020-06-14T14:21:08.297Z] SessionManagerReqHand - _cleanupWindowlessSessions - Asynchronous Sessions clean-up phase starting NOW
[INFO  - 2020-06-14T14:21:35.861Z] SessionManagerReqHand - _cleanupWindowlessSessions - Asynchronous Sessions clean-up phase starting NOW
[INFO  - 2020-06-14T14:24:27.042Z] SessionManagerReqHand - _cleanupWindowlessSessions - Asynchronous Sessions clean-up phase starting NOW
[INFO  - 2020-06-14T14:26:08.288Z] SessionManagerReqHand - _cleanupWindowlessSessions - Asynchronous Sessions clean-up phase starting NOW
[INFO  - 2020-06-14T14:26:35.851Z] SessionManagerReqHand - _cleanupWindowlessSessions - Asynchronous Sessions clean-up phase starting NOW
[INFO  - 2020-06-14T14:29:27.033Z] SessionManagerReqHand - _cleanupWindowlessSessions - Asynchronous Sessions clean-up phase starting NOW
[INFO  - 2020-06-14T14:31:08.278Z] SessionManagerReqHand - _cleanupWindowlessSessions - Asynchronous Sessions clean-up phase starting NOW
[INFO  - 2020-06-14T14:31:35.842Z] SessionManagerReqHand - _cleanupWindowlessSessions - Asynchronous Sessions clean-up phase starting NOW
[INFO  - 2020-06-14T14:34:27.023Z] SessionManagerReqHand - _cleanupWindowlessSessions - Asynchronous Sessions clean-up phase starting NOW
[INFO  - 2020-06-14T14:36:08.269Z] SessionManagerReqHand - _cleanupWindowlessSessions - Asynchronous Sessions clean-up phase starting NOW
[INFO  - 2020-06-14T14:36:35.830Z] SessionManagerReqHand - _cleanupWindowlessSessions - Asynchronous Sessions clean-up phase starting NOW
[INFO  - 2020-06-14T14:39:27.014Z] SessionManagerReqHand - _cleanupWindowlessSessions - Asynchronous Sessions clean-up phase starting NOW
[INFO  - 2020-06-14T14:41:08.259Z] SessionManagerReqHand - _cleanupWindowlessSessions - Asynchronous Sessions clean-up phase starting NOW
[INFO  - 2020-06-14T14:41:35.821Z] SessionManagerReqHand - _cleanupWindowlessSessions - Asynchronous Sessions clean-up phase starting NOW
[INFO  - 2020-06-14T14:44:27.004Z] SessionManagerReqHand - _cleanupWindowlessSessions - Asynchronous Sessions clean-up phase starting NOW
[INFO  - 2020-06-14T14:46:08.250Z] SessionManagerReqHand - _cleanupWindowlessSessions - Asynchronous Sessions clean-up phase starting NOW
[INFO  - 2020-06-14T14:46:35.815Z] SessionManagerReqHand - _cleanupWindowlessSessions - Asynchronous Sessions clean-up phase starting NOW
[INFO  - 2020-06-14T14:49:26.996Z] SessionManagerReqHand - _cleanupWindowlessSessions - Asynchronous Sessions clean-up phase starting NOW
[INFO  - 2020-06-14T14:51:08.246Z] SessionManagerReqHand - _cleanupWindowlessSessions - Asynchronous Sessions clean-up phase starting NOW
[INFO  - 2020-06-14T14:51:35.808Z] SessionManagerReqHand - _cleanupWindowlessSessions - Asynchronous Sessions clean-up phase starting NOW
[INFO  - 2020-06-14T14:54:26.987Z] SessionManagerReqHand - _cleanupWindowlessSessions - Asynchronous Sessions clean-up phase starting NOW
[INFO  - 2020-06-14T14:56:08.238Z] SessionManagerReqHand - _cleanupWindowlessSessions - Asynchronous Sessions clean-up phase starting NOW
[INFO  - 2020-06-14T14:56:35.799Z] SessionManagerReqHand - _cleanupWindowlessSessions - Asynchronous Sessions clean-up phase starting NOW
[INFO  - 2020-06-14T14:59:26.977Z] SessionManagerReqHand - _cleanupWindowlessSessions - Asynchronous Sessions clean-up phase starting NOW
[INFO  - 2020-06-14T15:01:08.228Z] SessionManagerReqHand - _cleanupWindowlessSessions - Asynchronous Sessions clean-up phase starting NOW
[INFO  - 2020-06-14T15:01:35.791Z] SessionManagerReqHand - _cleanupWindowlessSessions - Asynchronous Sessions clean-up phase starting NOW
[INFO  - 2020-06-14T15:32:17.352Z] SessionManagerReqHand - _cleanupWindowlessSessions - Asynchronous Sessions clean-up phase starting NOW
[INFO  - 2020-06-14T15:33:58.604Z] SessionManagerReqHand - _cleanupWindowlessSessions - Asynchronous Sessions clean-up phase starting NOW
[INFO  - 2020-06-14T15:34:26.168Z] SessionManagerReqHand - _cleanupWindowlessSessions - Asynchronous Sessions clean-up phase starting NOW
[INFO  - 2020-06-14T15:37:17.344Z] SessionManagerReqHand - _cleanupWindowlessSessions - Asynchronous Sessions clean-up phase starting NOW
[INFO  - 2020-06-14T15:38:58.594Z] SessionManagerReqHand - _cleanupWindowlessSessions - Asynchronous Sessions clean-up phase starting NOW
[INFO  - 2020-06-14T15:39:26.159Z] SessionManagerReqHand - _cleanupWindowlessSessions - Asynchronous Sessions clean-up phase starting NOW
[INFO  - 2020-06-14T15:42:17.336Z] SessionManagerReqHand - _cleanupWindowlessSessions - Asynchronous Sessions clean-up phase starting NOW
[INFO  - 2020-06-14T15:43:58.588Z] SessionManagerReqHand - _cleanupWindowlessSessions - Asynchronous Sessions clean-up phase starting NOW
[INFO  - 2020-06-14T15:44:26.149Z] SessionManagerReqHand - _cleanupWindowlessSessions - Asynchronous Sessions clean-up phase starting NOW
[INFO  - 2020-06-14T15:47:17.326Z] SessionManagerReqHand - _cleanupWindowlessSessions - Asynchronous Sessions clean-up phase starting NOW
[INFO  - 2020-06-14T15:48:58.582Z] SessionManagerReqHand - _cleanupWindowlessSessions - Asynchronous Sessions clean-up phase starting NOW
[INFO  - 2020-06-14T15:49:26.143Z] SessionManagerReqHand - _cleanupWindowlessSessions - Asynchronous Sessions clean-up phase starting NOW
[INFO  - 2020-06-14T15:52:17.316Z] SessionManagerReqHand - _cleanupWindowlessSessions - Asynchronous Sessions clean-up phase starting NOW
[INFO  - 2020-06-14T15:53:58.573Z] SessionManagerReqHand - _cleanupWindowlessSessions - Asynchronous Sessions clean-up phase starting NOW
[INFO  - 2020-06-14T15:54:26.133Z] SessionManagerReqHand - _cleanupWindowlessSessions - Asynchronous Sessions clean-up phase starting NOW
[INFO  - 2020-06-14T15:57:17.311Z] SessionManagerReqHand - _cleanupWindowlessSessions - Asynchronous Sessions clean-up phase starting NOW
[INFO  - 2020-06-14T15:58:58.564Z] SessionManagerReqHand - _cleanupWindowlessSessions - Asynchronous Sessions clean-up phase starting NOW
[INFO  - 2020-06-14T15:59:26.124Z] SessionManagerReqHand - _cleanupWindowlessSessions - Asynchronous Sessions clean-up phase starting NOW
[INFO  - 2020-06-14T16:02:17.301Z] SessionManagerReqHand - _cleanupWindowlessSessions - Asynchronous Sessions clean-up phase starting NOW
[INFO  - 2020-06-14T16:03:58.555Z] SessionManagerReqHand - _cleanupWindowlessSessions - Asynchronous Sessions clean-up phase starting NOW
[INFO  - 2020-06-14T16:04:26.118Z] SessionManagerReqHand - _cleanupWindowlessSessions - Asynchronous Sessions clean-up phase starting NOW
[INFO  - 2020-06-14T16:07:17.292Z] SessionManagerReqHand - _cleanupWindowlessSessions - Asynchronous Sessions clean-up phase starting NOW
[INFO  - 2020-06-14T16:08:58.547Z] SessionManagerReqHand - _cleanupWindowlessSessions - Asynchronous Sessions clean-up phase starting NOW
[INFO  - 2020-06-14T16:09:26.113Z] SessionManagerReqHand - _cleanupWindowlessSessions - Asynchronous Sessions clean-up phase starting NOW
[INFO  - 2020-06-14T17:58:19.757Z] SessionManagerReqHand - _cleanupWindowlessSessions - Asynchronous Sessions clean-up phase starting NOW
[INFO  - 2020-06-14T18:00:01.015Z] SessionManagerReqHand - _cleanupWindowlessSessions - Asynchronous Sessions clean-up phase starting NOW
[INFO  - 2020-06-14T18:00:28.580Z] SessionManagerReqHand - _cleanupWindowlessSessions - Asynchronous Sessions clean-up phase starting NOW
[INFO  - 2020-06-14T18:03:19.750Z] SessionManagerReqHand - _cleanupWindowlessSessions - Asynchronous Sessions clean-up phase starting NOW
[INFO  - 2020-06-14T18:05:01.006Z] SessionManagerReqHand - _cleanupWindowlessSessions - Asynchronous Sessions clean-up phase starting NOW
[INFO  - 2020-06-14T18:05:28.573Z] SessionManagerReqHand - _cleanupWindowlessSessions - Asynchronous Sessions clean-up phase starting NOW
[INFO  - 2020-06-14T18:08:19.742Z] SessionManagerReqHand - _cleanupWindowlessSessions - Asynchronous Sessions clean-up phase starting NOW
[INFO  - 2020-06-14T18:10:00.997Z] SessionManagerReqHand - _cleanupWindowlessSessions - Asynchronous Sessions clean-up phase starting NOW
[INFO  - 2020-06-14T18:10:28.563Z] SessionManagerReqHand - _cleanupWindowlessSessions - Asynchronous Sessions clean-up phase starting NOW
[INFO  - 2020-06-14T18:13:19.734Z] SessionManagerReqHand - _cleanupWindowlessSessions - Asynchronous Sessions clean-up phase starting NOW
[INFO  - 2020-06-14T18:15:00.991Z] SessionManagerReqHand - _cleanupWindowlessSessions - Asynchronous Sessions clean-up phase starting NOW
[INFO  - 2020-06-14T18:15:28.554Z] SessionManagerReqHand - _cleanupWindowlessSessions - Asynchronous Sessions clean-up phase starting NOW
[INFO  - 2020-06-14T18:31:49.283Z] SessionManagerReqHand - _cleanupWindowlessSessions - Asynchronous Sessions clean-up phase starting NOW
[INFO  - 2020-06-14T18:33:30.536Z] SessionManagerReqHand - _cleanupWindowlessSessions - Asynchronous Sessions clean-up phase starting NOW
[INFO  - 2020-06-14T18:33:58.099Z] SessionManagerReqHand - _cleanupWindowlessSessions - Asynchronous Sessions clean-up phase starting NOW
[INFO  - 2020-06-14T18:36:49.273Z] SessionManagerReqHand - _cleanupWindowlessSessions - Asynchronous Sessions clean-up phase starting NOW
[INFO  - 2020-06-14T18:38:30.526Z] SessionManagerReqHand - _cleanupWindowlessSessions - Asynchronous Sessions clean-up phase starting NOW
[INFO  - 2020-06-14T18:38:58.090Z] SessionManagerReqHand - _cleanupWindowlessSessions - Asynchronous Sessions clean-up phase starting NOW
[INFO  - 2020-06-14T18:41:49.264Z] SessionManagerReqHand - _cleanupWindowlessSessions - Asynchronous Sessions clean-up phase starting NOW
[INFO  - 2020-06-14T18:43:30.518Z] SessionManagerReqHand - _cleanupWindowlessSessions - Asynchronous Sessions clean-up phase starting NOW
[INFO  - 2020-06-14T18:43:58.081Z] SessionManagerReqHand - _cleanupWindowlessSessions - Asynchronous Sessions clean-up phase starting NOW
[INFO  - 2020-06-14T18:46:49.258Z] SessionManagerReqHand - _cleanupWindowlessSessions - Asynchronous Sessions clean-up phase starting NOW
[INFO  - 2020-06-14T18:48:30.516Z] SessionManagerReqHand - _cleanupWindowlessSessions - Asynchronous Sessions clean-up phase starting NOW
[INFO  - 2020-06-14T18:48:58.072Z] SessionManagerReqHand - _cleanupWindowlessSessions - Asynchronous Sessions clean-up phase starting NOW
[INFO  - 2020-06-14T18:51:49.248Z] SessionManagerReqHand - _cleanupWindowlessSessions - Asynchronous Sessions clean-up phase starting NOW
[INFO  - 2020-06-14T18:53:30.506Z] SessionManagerReqHand - _cleanupWindowlessSessions - Asynchronous Sessions clean-up phase starting NOW
[INFO  - 2020-06-14T18:53:58.066Z] SessionManagerReqHand - _cleanupWindowlessSessions - Asynchronous Sessions clean-up phase starting NOW
[INFO  - 2020-06-14T18:56:49.239Z] SessionManagerReqHand - _cleanupWindowlessSessions - Asynchronous Sessions clean-up phase starting NOW
[INFO  - 2020-06-14T18:58:30.496Z] SessionManagerReqHand - _cleanupWindowlessSessions - Asynchronous Sessions clean-up phase starting NOW
[INFO  - 2020-06-14T18:58:58.056Z] SessionManagerReqHand - _cleanupWindowlessSessions - Asynchronous Sessions clean-up phase starting NOW
[INFO  - 2020-06-14T19:01:49.229Z] SessionManagerReqHand - _cleanupWindowlessSessions - Asynchronous Sessions clean-up phase starting NOW
[INFO  - 2020-06-14T19:03:30.487Z] SessionManagerReqHand - _cleanupWindowlessSessions - Asynchronous Sessions clean-up phase starting NOW
[INFO  - 2020-06-14T19:03:58.046Z] SessionManagerReqHand - _cleanupWindowlessSessions - Asynchronous Sessions clean-up phase starting NOW
[INFO  - 2020-06-14T19:06:49.220Z] SessionManagerReqHand - _cleanupWindowlessSessions - Asynchronous Sessions clean-up phase starting NOW
[INFO  - 2020-06-14T19:08:30.478Z] SessionManagerReqHand - _cleanupWindowlessSessions - Asynchronous Sessions clean-up phase starting NOW
[INFO  - 2020-06-14T19:08:58.037Z] SessionManagerReqHand - _cleanupWindowlessSessions - Asynchronous Sessions clean-up phase starting NOW
[INFO  - 2020-06-14T19:11:49.210Z] SessionManagerReqHand - _cleanupWindowlessSessions - Asynchronous Sessions clean-up phase starting NOW
[INFO  - 2020-06-14T19:13:30.474Z] SessionManagerReqHand - _cleanupWindowlessSessions - Asynchronous Sessions clean-up phase starting NOW
[INFO  - 2020-06-14T19:13:58.032Z] SessionManagerReqHand - _cleanupWindowlessSessions - Asynchronous Sessions clean-up phase starting NOW
[INFO  - 2020-06-14T19:16:49.201Z] SessionManagerReqHand - _cleanupWindowlessSessions - Asynchronous Sessions clean-up phase starting NOW
[INFO  - 2020-06-14T19:18:30.466Z] SessionManagerReqHand - _cleanupWindowlessSessions - Asynchronous Sessions clean-up phase starting NOW
[INFO  - 2020-06-14T19:18:58.025Z] SessionManagerReqHand - _cleanupWindowlessSessions - Asynchronous Sessions clean-up phase starting NOW
[INFO  - 2020-06-14T19:21:49.192Z] SessionManagerReqHand - _cleanupWindowlessSessions - Asynchronous Sessions clean-up phase starting NOW
[INFO  - 2020-06-14T19:23:30.459Z] SessionManagerReqHand - _cleanupWindowlessSessions - Asynchronous Sessions clean-up phase starting NOW
[INFO  - 2020-06-14T19:23:58.017Z] SessionManagerReqHand - _cleanupWindowlessSessions - Asynchronous Sessions clean-up phase starting NOW
[INFO  - 2020-06-14T19:26:49.182Z] SessionManagerReqHand - _cleanupWindowlessSessions - Asynchronous Sessions clean-up phase starting NOW
[INFO  - 2020-06-14T19:28:30.451Z] SessionManagerReqHand - _cleanupWindowlessSessions - Asynchronous Sessions clean-up phase starting NOW
[INFO  - 2020-06-14T19:28:58.007Z] SessionManagerReqHand - _cleanupWindowlessSessions - Asynchronous Sessions clean-up phase starting NOW
[INFO  - 2020-06-14T19:31:49.173Z] SessionManagerReqHand - _cleanupWindowlessSessions - Asynchronous Sessions clean-up phase starting NOW
[INFO  - 2020-06-14T19:33:30.442Z] SessionManagerReqHand - _cleanupWindowlessSessions - Asynchronous Sessions clean-up phase starting NOW
[INFO  - 2020-06-14T19:33:57.999Z] SessionManagerReqHand - _cleanupWindowlessSessions - Asynchronous Sessions clean-up phase starting NOW
[INFO  - 2020-06-14T19:36:49.165Z] SessionManagerReqHand - _cleanupWindowlessSessions - Asynchronous Sessions clean-up phase starting NOW
[INFO  - 2020-06-14T19:38:30.435Z] SessionManagerReqHand - _cleanupWindowlessSessions - Asynchronous Sessions clean-up phase starting NOW
[INFO  - 2020-06-14T19:38:57.991Z] SessionManagerReqHand - _cleanupWindowlessSessions - Asynchronous Sessions clean-up phase starting NOW
[INFO  - 2020-06-14T19:41:49.160Z] SessionManagerReqHand - _cleanupWindowlessSessions - Asynchronous Sessions clean-up phase starting NOW
[INFO  - 2020-06-14T19:43:30.428Z] SessionManagerReqHand - _cleanupWindowlessSessions - Asynchronous Sessions clean-up phase starting NOW
[INFO  - 2020-06-14T19:43:57.983Z] SessionManagerReqHand - _cleanupWindowlessSessions - Asynchronous Sessions clean-up phase starting NOW
[INFO  - 2020-06-14T19:46:49.150Z] SessionManagerReqHand - _cleanupWindowlessSessions - Asynchronous Sessions clean-up phase starting NOW
[INFO  - 2020-06-14T19:48:30.420Z] SessionManagerReqHand - _cleanupWindowlessSessions - Asynchronous Sessions clean-up phase starting NOW
[INFO  - 2020-06-14T19:48:57.976Z] SessionManagerReqHand - _cleanupWindowlessSessions - Asynchronous Sessions clean-up phase starting NOW
[INFO  - 2020-06-14T19:51:49.142Z] SessionManagerReqHand - _cleanupWindowlessSessions - Asynchronous Sessions clean-up phase starting NOW
[INFO  - 2020-06-14T19:53:30.412Z] SessionManagerReqHand - _cleanupWindowlessSessions - Asynchronous Sessions clean-up phase starting NOW
[INFO  - 2020-06-14T19:53:57.966Z] SessionManagerReqHand - _cleanupWindowlessSessions - Asynchronous Sessions clean-up phase starting NOW
[INFO  - 2020-06-14T19:56:49.137Z] SessionManagerReqHand - _cleanupWindowlessSessions - Asynchronous Sessions clean-up phase starting NOW
[INFO  - 2020-06-14T19:58:30.405Z] SessionManagerReqHand - _cleanupWindowlessSessions - Asynchronous Sessions clean-up phase starting NOW
[INFO  - 2020-06-14T19:58:57.957Z] SessionManagerReqHand - _cleanupWindowlessSessions - Asynchronous Sessions clean-up phase starting NOW
[INFO  - 2020-06-14T20:01:49.128Z] SessionManagerReqHand - _cleanupWindowlessSessions - Asynchronous Sessions clean-up phase starting NOW
[INFO  - 2020-06-14T20:03:30.396Z] SessionManagerReqHand - _cleanupWindowlessSessions - Asynchronous Sessions clean-up phase starting NOW
[INFO  - 2020-06-14T20:03:57.947Z] SessionManagerReqHand - _cleanupWindowlessSessions - Asynchronous Sessions clean-up phase starting NOW
[INFO  - 2020-06-14T20:06:49.121Z] SessionManagerReqHand - _cleanupWindowlessSessions - Asynchronous Sessions clean-up phase starting NOW
[INFO  - 2020-06-14T20:08:30.386Z] SessionManagerReqHand - _cleanupWindowlessSessions - Asynchronous Sessions clean-up phase starting NOW
[INFO  - 2020-06-14T20:08:57.938Z] SessionManagerReqHand - _cleanupWindowlessSessions - Asynchronous Sessions clean-up phase starting NOW
[INFO  - 2020-06-14T20:11:49.113Z] SessionManagerReqHand - _cleanupWindowlessSessions - Asynchronous Sessions clean-up phase starting NOW
[INFO  - 2020-06-14T20:13:30.380Z] SessionManagerReqHand - _cleanupWindowlessSessions - Asynchronous Sessions clean-up phase starting NOW
[INFO  - 2020-06-14T20:13:57.930Z] SessionManagerReqHand - _cleanupWindowlessSessions - Asynchronous Sessions clean-up phase starting NOW
[INFO  - 2020-06-14T20:16:49.105Z] SessionManagerReqHand - _cleanupWindowlessSessions - Asynchronous Sessions clean-up phase starting NOW
[INFO  - 2020-06-14T20:18:30.372Z] SessionManagerReqHand - _cleanupWindowlessSessions - Asynchronous Sessions clean-up phase starting NOW
[INFO  - 2020-06-14T20:18:57.926Z] SessionManagerReqHand - _cleanupWindowlessSessions - Asynchronous Sessions clean-up phase starting NOW
[INFO  - 2020-06-14T20:21:49.097Z] SessionManagerReqHand - _cleanupWindowlessSessions - Asynchronous Sessions clean-up phase starting NOW
[INFO  - 2020-06-14T20:23:30.363Z] SessionManagerReqHand - _cleanupWindowlessSessions - Asynchronous Sessions clean-up phase starting NOW
[INFO  - 2020-06-14T20:23:57.919Z] SessionManagerReqHand - _cleanupWindowlessSessions - Asynchronous Sessions clean-up phase starting NOW
[INFO  - 2020-06-14T20:26:49.087Z] SessionManagerReqHand - _cleanupWindowlessSessions - Asynchronous Sessions clean-up phase starting NOW
[INFO  - 2020-06-14T20:28:30.354Z] SessionManagerReqHand - _cleanupWindowlessSessions - Asynchronous Sessions clean-up phase starting NOW
[INFO  - 2020-06-14T20:28:57.915Z] SessionManagerReqHand - _cleanupWindowlessSessions - Asynchronous Sessions clean-up phase starting NOW
[INFO  - 2020-06-14T20:31:49.079Z] SessionManagerReqHand - _cleanupWindowlessSessions - Asynchronous Sessions clean-up phase starting NOW
[INFO  - 2020-06-14T20:33:30.344Z] SessionManagerReqHand - _cleanupWindowlessSessions - Asynchronous Sessions clean-up phase starting NOW
[INFO  - 2020-06-14T20:33:57.906Z] SessionManagerReqHand - _cleanupWindowlessSessions - Asynchronous Sessions clean-up phase starting NOW
[INFO  - 2020-06-14T20:36:49.071Z] SessionManagerReqHand - _cleanupWindowlessSessions - Asynchronous Sessions clean-up phase starting NOW
[INFO  - 2020-06-14T20:38:30.336Z] SessionManagerReqHand - _cleanupWindowlessSessions - Asynchronous Sessions clean-up phase starting NOW
[INFO  - 2020-06-14T20:38:57.899Z] SessionManagerReqHand - _cleanupWindowlessSessions - Asynchronous Sessions clean-up phase starting NOW
[INFO  - 2020-06-14T20:44:31.866Z] SessionManagerReqHand - _cleanupWindowlessSessions - Asynchronous Sessions clean-up phase starting NOW
[INFO  - 2020-06-14T21:07:09.593Z] SessionManagerReqHand - _cleanupWindowlessSessions - Asynchronous Sessions clean-up phase starting NOW
[INFO  - 2020-06-14T21:07:37.154Z] SessionManagerReqHand - _cleanupWindowlessSessions - Asynchronous Sessions clean-up phase starting NOW
